[DEBUG] 2018-02-19 21:15:13.170 [main] IntegratorServiceImpl - Adding Integrator [org.hibernate.cfg.beanvalidation.BeanValidationIntegrator].
[DEBUG] 2018-02-19 21:15:13.182 [main] IntegratorServiceImpl - Adding Integrator [org.hibernate.secure.spi.JaccIntegrator].
[DEBUG] 2018-02-19 21:15:13.190 [main] IntegratorServiceImpl - Adding Integrator [org.hibernate.cache.internal.CollectionCacheInvalidator].
[INFO ] 2018-02-19 21:15:13.272 [main] Version - HHH000412: Hibernate Core {5.2.12.Final}
[INFO ] 2018-02-19 21:15:13.273 [main] Environment - HHH000206: hibernate.properties not found
[DEBUG] 2018-02-19 21:15:13.308 [main] LocalXmlResourceResolver - Interpreting public/system identifier : [-//Hibernate/Hibernate Configuration DTD//EN] - [http://www.hibernate.org/dtd/hibernate-configuration-3.0.dtd]
[DEBUG] 2018-02-19 21:15:13.309 [main] LocalXmlResourceResolver - Recognized hibernate-configuration identifier; attempting to resolve on classpath under org/hibernate/
[DEBUG] 2018-02-19 21:15:13.315 [main] JaxbCfgProcessor - cfg.xml document did not define namespaces; wrapping in custom event reader to introduce namespace information
[DEBUG] 2018-02-19 21:15:13.574 [main] ServiceBinding - Overriding existing service binding [org.hibernate.secure.spi.JaccService]
[DEBUG] 2018-02-19 21:15:13.598 [main] RegionFactoryInitiator - Cache region factory : org.hibernate.cache.internal.NoCachingRegionFactory
[INFO ] 2018-02-19 21:15:13.610 [main] Version - HCANN000001: Hibernate Commons Annotations {5.0.1.Final}
[DEBUG] 2018-02-19 21:15:13.635 [main] BasicTypeRegistry - Adding type registration boolean -> org.hibernate.type.BooleanType@797b0699
[DEBUG] 2018-02-19 21:15:13.636 [main] BasicTypeRegistry - Adding type registration boolean -> org.hibernate.type.BooleanType@797b0699
[DEBUG] 2018-02-19 21:15:13.636 [main] BasicTypeRegistry - Adding type registration java.lang.Boolean -> org.hibernate.type.BooleanType@797b0699
[DEBUG] 2018-02-19 21:15:13.639 [main] BasicTypeRegistry - Adding type registration numeric_boolean -> org.hibernate.type.NumericBooleanType@f14a7d4
[DEBUG] 2018-02-19 21:15:13.640 [main] BasicTypeRegistry - Adding type registration true_false -> org.hibernate.type.TrueFalseType@27e47833
[DEBUG] 2018-02-19 21:15:13.641 [main] BasicTypeRegistry - Adding type registration yes_no -> org.hibernate.type.YesNoType@4f704591
[DEBUG] 2018-02-19 21:15:13.642 [main] BasicTypeRegistry - Adding type registration byte -> org.hibernate.type.ByteType@1e81f160
[DEBUG] 2018-02-19 21:15:13.642 [main] BasicTypeRegistry - Adding type registration byte -> org.hibernate.type.ByteType@1e81f160
[DEBUG] 2018-02-19 21:15:13.642 [main] BasicTypeRegistry - Adding type registration java.lang.Byte -> org.hibernate.type.ByteType@1e81f160
[DEBUG] 2018-02-19 21:15:13.643 [main] BasicTypeRegistry - Adding type registration character -> org.hibernate.type.CharacterType@6e01f9b0
[DEBUG] 2018-02-19 21:15:13.643 [main] BasicTypeRegistry - Adding type registration char -> org.hibernate.type.CharacterType@6e01f9b0
[DEBUG] 2018-02-19 21:15:13.643 [main] BasicTypeRegistry - Adding type registration java.lang.Character -> org.hibernate.type.CharacterType@6e01f9b0
[DEBUG] 2018-02-19 21:15:13.644 [main] BasicTypeRegistry - Adding type registration short -> org.hibernate.type.ShortType@3fc79729
[DEBUG] 2018-02-19 21:15:13.645 [main] BasicTypeRegistry - Adding type registration short -> org.hibernate.type.ShortType@3fc79729
[DEBUG] 2018-02-19 21:15:13.645 [main] BasicTypeRegistry - Adding type registration java.lang.Short -> org.hibernate.type.ShortType@3fc79729
[DEBUG] 2018-02-19 21:15:13.646 [main] BasicTypeRegistry - Adding type registration integer -> org.hibernate.type.IntegerType@14008db3
[DEBUG] 2018-02-19 21:15:13.646 [main] BasicTypeRegistry - Adding type registration int -> org.hibernate.type.IntegerType@14008db3
[DEBUG] 2018-02-19 21:15:13.646 [main] BasicTypeRegistry - Adding type registration java.lang.Integer -> org.hibernate.type.IntegerType@14008db3
[DEBUG] 2018-02-19 21:15:13.647 [main] BasicTypeRegistry - Adding type registration long -> org.hibernate.type.LongType@518caac3
[DEBUG] 2018-02-19 21:15:13.647 [main] BasicTypeRegistry - Adding type registration long -> org.hibernate.type.LongType@518caac3
[DEBUG] 2018-02-19 21:15:13.647 [main] BasicTypeRegistry - Adding type registration java.lang.Long -> org.hibernate.type.LongType@518caac3
[DEBUG] 2018-02-19 21:15:13.649 [main] BasicTypeRegistry - Adding type registration float -> org.hibernate.type.FloatType@68f1b17f
[DEBUG] 2018-02-19 21:15:13.650 [main] BasicTypeRegistry - Adding type registration float -> org.hibernate.type.FloatType@68f1b17f
[DEBUG] 2018-02-19 21:15:13.650 [main] BasicTypeRegistry - Adding type registration java.lang.Float -> org.hibernate.type.FloatType@68f1b17f
[DEBUG] 2018-02-19 21:15:13.651 [main] BasicTypeRegistry - Adding type registration double -> org.hibernate.type.DoubleType@275bf9b3
[DEBUG] 2018-02-19 21:15:13.652 [main] BasicTypeRegistry - Adding type registration double -> org.hibernate.type.DoubleType@275bf9b3
[DEBUG] 2018-02-19 21:15:13.652 [main] BasicTypeRegistry - Adding type registration java.lang.Double -> org.hibernate.type.DoubleType@275bf9b3
[DEBUG] 2018-02-19 21:15:13.653 [main] BasicTypeRegistry - Adding type registration big_decimal -> org.hibernate.type.BigDecimalType@7c51f34b
[DEBUG] 2018-02-19 21:15:13.653 [main] BasicTypeRegistry - Adding type registration java.math.BigDecimal -> org.hibernate.type.BigDecimalType@7c51f34b
[DEBUG] 2018-02-19 21:15:13.654 [main] BasicTypeRegistry - Adding type registration big_integer -> org.hibernate.type.BigIntegerType@6fa34d52
[DEBUG] 2018-02-19 21:15:13.654 [main] BasicTypeRegistry - Adding type registration java.math.BigInteger -> org.hibernate.type.BigIntegerType@6fa34d52
[DEBUG] 2018-02-19 21:15:13.655 [main] BasicTypeRegistry - Adding type registration string -> org.hibernate.type.StringType@7ef27d7f
[DEBUG] 2018-02-19 21:15:13.655 [main] BasicTypeRegistry - Adding type registration java.lang.String -> org.hibernate.type.StringType@7ef27d7f
[DEBUG] 2018-02-19 21:15:13.656 [main] BasicTypeRegistry - Adding type registration nstring -> org.hibernate.type.StringNVarcharType@1d483de4
[DEBUG] 2018-02-19 21:15:13.656 [main] BasicTypeRegistry - Adding type registration ncharacter -> org.hibernate.type.CharacterNCharType@3b74ac8
[DEBUG] 2018-02-19 21:15:13.657 [main] BasicTypeRegistry - Adding type registration url -> org.hibernate.type.UrlType@563e4951
[DEBUG] 2018-02-19 21:15:13.657 [main] BasicTypeRegistry - Adding type registration java.net.URL -> org.hibernate.type.UrlType@563e4951
[DEBUG] 2018-02-19 21:15:13.658 [main] BasicTypeRegistry - Adding type registration Duration -> org.hibernate.type.DurationType@6cdba6dc
[DEBUG] 2018-02-19 21:15:13.658 [main] BasicTypeRegistry - Adding type registration java.time.Duration -> org.hibernate.type.DurationType@6cdba6dc
[DEBUG] 2018-02-19 21:15:13.672 [main] BasicTypeRegistry - Adding type registration Instant -> org.hibernate.type.InstantType@f99f5e0
[DEBUG] 2018-02-19 21:15:13.672 [main] BasicTypeRegistry - Adding type registration java.time.Instant -> org.hibernate.type.InstantType@f99f5e0
[DEBUG] 2018-02-19 21:15:13.674 [main] BasicTypeRegistry - Adding type registration LocalDateTime -> org.hibernate.type.LocalDateTimeType@2474f125
[DEBUG] 2018-02-19 21:15:13.674 [main] BasicTypeRegistry - Adding type registration java.time.LocalDateTime -> org.hibernate.type.LocalDateTimeType@2474f125
[DEBUG] 2018-02-19 21:15:13.675 [main] BasicTypeRegistry - Adding type registration LocalDate -> org.hibernate.type.LocalDateType@40317ba2
[DEBUG] 2018-02-19 21:15:13.675 [main] BasicTypeRegistry - Adding type registration java.time.LocalDate -> org.hibernate.type.LocalDateType@40317ba2
[DEBUG] 2018-02-19 21:15:13.677 [main] BasicTypeRegistry - Adding type registration LocalTime -> org.hibernate.type.LocalTimeType@5c45d770
[DEBUG] 2018-02-19 21:15:13.677 [main] BasicTypeRegistry - Adding type registration java.time.LocalTime -> org.hibernate.type.LocalTimeType@5c45d770
[DEBUG] 2018-02-19 21:15:13.678 [main] BasicTypeRegistry - Adding type registration OffsetDateTime -> org.hibernate.type.OffsetDateTimeType@7cbd9d24
[DEBUG] 2018-02-19 21:15:13.678 [main] BasicTypeRegistry - Adding type registration java.time.OffsetDateTime -> org.hibernate.type.OffsetDateTimeType@7cbd9d24
[DEBUG] 2018-02-19 21:15:13.679 [main] BasicTypeRegistry - Adding type registration OffsetTime -> org.hibernate.type.OffsetTimeType@10f7f7de
[DEBUG] 2018-02-19 21:15:13.679 [main] BasicTypeRegistry - Adding type registration java.time.OffsetTime -> org.hibernate.type.OffsetTimeType@10f7f7de
[DEBUG] 2018-02-19 21:15:13.682 [main] BasicTypeRegistry - Adding type registration ZonedDateTime -> org.hibernate.type.ZonedDateTimeType@9573584
[DEBUG] 2018-02-19 21:15:13.682 [main] BasicTypeRegistry - Adding type registration java.time.ZonedDateTime -> org.hibernate.type.ZonedDateTimeType@9573584
[DEBUG] 2018-02-19 21:15:13.683 [main] BasicTypeRegistry - Adding type registration date -> org.hibernate.type.DateType@21129f1f
[DEBUG] 2018-02-19 21:15:13.684 [main] BasicTypeRegistry - Adding type registration java.sql.Date -> org.hibernate.type.DateType@21129f1f
[DEBUG] 2018-02-19 21:15:13.684 [main] BasicTypeRegistry - Adding type registration time -> org.hibernate.type.TimeType@68d279ec
[DEBUG] 2018-02-19 21:15:13.684 [main] BasicTypeRegistry - Adding type registration java.sql.Time -> org.hibernate.type.TimeType@68d279ec
[DEBUG] 2018-02-19 21:15:13.685 [main] BasicTypeRegistry - Adding type registration timestamp -> org.hibernate.type.TimestampType@5965be2d
[DEBUG] 2018-02-19 21:15:13.686 [main] BasicTypeRegistry - Adding type registration java.sql.Timestamp -> org.hibernate.type.TimestampType@5965be2d
[DEBUG] 2018-02-19 21:15:13.686 [main] BasicTypeRegistry - Adding type registration java.util.Date -> org.hibernate.type.TimestampType@5965be2d
[DEBUG] 2018-02-19 21:15:13.687 [main] BasicTypeRegistry - Adding type registration dbtimestamp -> org.hibernate.type.DbTimestampType@4f6f416f
[DEBUG] 2018-02-19 21:15:13.688 [main] BasicTypeRegistry - Adding type registration calendar -> org.hibernate.type.CalendarType@3eb77ea8
[DEBUG] 2018-02-19 21:15:13.688 [main] BasicTypeRegistry - Adding type registration java.util.Calendar -> org.hibernate.type.CalendarType@3eb77ea8
[DEBUG] 2018-02-19 21:15:13.688 [main] BasicTypeRegistry - Adding type registration java.util.GregorianCalendar -> org.hibernate.type.CalendarType@3eb77ea8
[DEBUG] 2018-02-19 21:15:13.689 [main] BasicTypeRegistry - Adding type registration calendar_date -> org.hibernate.type.CalendarDateType@44c73c26
[DEBUG] 2018-02-19 21:15:13.691 [main] BasicTypeRegistry - Adding type registration locale -> org.hibernate.type.LocaleType@4196c360
[DEBUG] 2018-02-19 21:15:13.691 [main] BasicTypeRegistry - Adding type registration java.util.Locale -> org.hibernate.type.LocaleType@4196c360
[DEBUG] 2018-02-19 21:15:13.693 [main] BasicTypeRegistry - Adding type registration currency -> org.hibernate.type.CurrencyType@479ceda0
[DEBUG] 2018-02-19 21:15:13.693 [main] BasicTypeRegistry - Adding type registration java.util.Currency -> org.hibernate.type.CurrencyType@479ceda0
[DEBUG] 2018-02-19 21:15:13.695 [main] BasicTypeRegistry - Adding type registration timezone -> org.hibernate.type.TimeZoneType@38ba6ce3
[DEBUG] 2018-02-19 21:15:13.696 [main] BasicTypeRegistry - Adding type registration java.util.TimeZone -> org.hibernate.type.TimeZoneType@38ba6ce3
[DEBUG] 2018-02-19 21:15:13.699 [main] BasicTypeRegistry - Adding type registration class -> org.hibernate.type.ClassType@7fbdb894
[DEBUG] 2018-02-19 21:15:13.699 [main] BasicTypeRegistry - Adding type registration java.lang.Class -> org.hibernate.type.ClassType@7fbdb894
[DEBUG] 2018-02-19 21:15:13.701 [main] BasicTypeRegistry - Adding type registration uuid-binary -> org.hibernate.type.UUIDBinaryType@5b67bb7e
[DEBUG] 2018-02-19 21:15:13.701 [main] BasicTypeRegistry - Adding type registration java.util.UUID -> org.hibernate.type.UUIDBinaryType@5b67bb7e
[DEBUG] 2018-02-19 21:15:13.701 [main] BasicTypeRegistry - Adding type registration uuid-char -> org.hibernate.type.UUIDCharType@56c4278e
[DEBUG] 2018-02-19 21:15:13.702 [main] BasicTypeRegistry - Adding type registration binary -> org.hibernate.type.BinaryType@59cba5a
[DEBUG] 2018-02-19 21:15:13.702 [main] BasicTypeRegistry - Adding type registration byte[] -> org.hibernate.type.BinaryType@59cba5a
[DEBUG] 2018-02-19 21:15:13.702 [main] BasicTypeRegistry - Adding type registration [B -> org.hibernate.type.BinaryType@59cba5a
[DEBUG] 2018-02-19 21:15:13.703 [main] BasicTypeRegistry - Adding type registration wrapper-binary -> org.hibernate.type.WrapperBinaryType@768fc0f2
[DEBUG] 2018-02-19 21:15:13.704 [main] BasicTypeRegistry - Adding type registration Byte[] -> org.hibernate.type.WrapperBinaryType@768fc0f2
[DEBUG] 2018-02-19 21:15:13.704 [main] BasicTypeRegistry - Adding type registration [Ljava.lang.Byte; -> org.hibernate.type.WrapperBinaryType@768fc0f2
[DEBUG] 2018-02-19 21:15:13.705 [main] BasicTypeRegistry - Adding type registration row_version -> org.hibernate.type.RowVersionType@3f67593e
[DEBUG] 2018-02-19 21:15:13.706 [main] BasicTypeRegistry - Adding type registration image -> org.hibernate.type.ImageType@82ea68c
[DEBUG] 2018-02-19 21:15:13.707 [main] BasicTypeRegistry - Adding type registration characters -> org.hibernate.type.CharArrayType@8e50104
[DEBUG] 2018-02-19 21:15:13.707 [main] BasicTypeRegistry - Adding type registration char[] -> org.hibernate.type.CharArrayType@8e50104
[DEBUG] 2018-02-19 21:15:13.707 [main] BasicTypeRegistry - Adding type registration [C -> org.hibernate.type.CharArrayType@8e50104
[DEBUG] 2018-02-19 21:15:13.708 [main] BasicTypeRegistry - Adding type registration wrapper-characters -> org.hibernate.type.CharacterArrayType@45a37759
[DEBUG] 2018-02-19 21:15:13.709 [main] BasicTypeRegistry - Adding type registration [Ljava.lang.Character; -> org.hibernate.type.CharacterArrayType@45a37759
[DEBUG] 2018-02-19 21:15:13.709 [main] BasicTypeRegistry - Adding type registration Character[] -> org.hibernate.type.CharacterArrayType@45a37759
[DEBUG] 2018-02-19 21:15:13.711 [main] BasicTypeRegistry - Adding type registration text -> org.hibernate.type.TextType@1838ccb8
[DEBUG] 2018-02-19 21:15:13.713 [main] BasicTypeRegistry - Adding type registration ntext -> org.hibernate.type.NTextType@4b213651
[DEBUG] 2018-02-19 21:15:13.717 [main] BasicTypeRegistry - Adding type registration blob -> org.hibernate.type.BlobType@42530531
[DEBUG] 2018-02-19 21:15:13.717 [main] BasicTypeRegistry - Adding type registration java.sql.Blob -> org.hibernate.type.BlobType@42530531
[DEBUG] 2018-02-19 21:15:13.717 [main] BasicTypeRegistry - Adding type registration materialized_blob -> org.hibernate.type.MaterializedBlobType@35645047
[DEBUG] 2018-02-19 21:15:13.721 [main] BasicTypeRegistry - Adding type registration clob -> org.hibernate.type.ClobType@1f53a5dc
[DEBUG] 2018-02-19 21:15:13.721 [main] BasicTypeRegistry - Adding type registration java.sql.Clob -> org.hibernate.type.ClobType@1f53a5dc
[DEBUG] 2018-02-19 21:15:13.723 [main] BasicTypeRegistry - Adding type registration nclob -> org.hibernate.type.NClobType@12359a82
[DEBUG] 2018-02-19 21:15:13.724 [main] BasicTypeRegistry - Adding type registration java.sql.NClob -> org.hibernate.type.NClobType@12359a82
[DEBUG] 2018-02-19 21:15:13.724 [main] BasicTypeRegistry - Adding type registration materialized_clob -> org.hibernate.type.MaterializedClobType@7164ca4c
[DEBUG] 2018-02-19 21:15:13.725 [main] BasicTypeRegistry - Adding type registration materialized_nclob -> org.hibernate.type.MaterializedNClobType@3f91b517
[DEBUG] 2018-02-19 21:15:13.726 [main] BasicTypeRegistry - Adding type registration serializable -> org.hibernate.type.SerializableType@21ba0741
[DEBUG] 2018-02-19 21:15:13.728 [main] BasicTypeRegistry - Adding type registration object -> org.hibernate.type.ObjectType@2c78d320
[DEBUG] 2018-02-19 21:15:13.728 [main] BasicTypeRegistry - Adding type registration java.lang.Object -> org.hibernate.type.ObjectType@2c78d320
[DEBUG] 2018-02-19 21:15:13.729 [main] BasicTypeRegistry - Adding type registration imm_date -> org.hibernate.type.AdaptedImmutableType@106cc338
[DEBUG] 2018-02-19 21:15:13.729 [main] BasicTypeRegistry - Adding type registration imm_time -> org.hibernate.type.AdaptedImmutableType@7a67e3c6
[DEBUG] 2018-02-19 21:15:13.729 [main] BasicTypeRegistry - Adding type registration imm_timestamp -> org.hibernate.type.AdaptedImmutableType@6cc558c6
[DEBUG] 2018-02-19 21:15:13.729 [main] BasicTypeRegistry - Adding type registration imm_dbtimestamp -> org.hibernate.type.AdaptedImmutableType@15713d56
[DEBUG] 2018-02-19 21:15:13.729 [main] BasicTypeRegistry - Adding type registration imm_calendar -> org.hibernate.type.AdaptedImmutableType@63f259c3
[DEBUG] 2018-02-19 21:15:13.729 [main] BasicTypeRegistry - Adding type registration imm_calendar_date -> org.hibernate.type.AdaptedImmutableType@26ceffa8
[DEBUG] 2018-02-19 21:15:13.729 [main] BasicTypeRegistry - Adding type registration imm_binary -> org.hibernate.type.AdaptedImmutableType@600b90df
[DEBUG] 2018-02-19 21:15:13.729 [main] BasicTypeRegistry - Adding type registration imm_serializable -> org.hibernate.type.AdaptedImmutableType@7c8c9a05
[INFO ] 2018-02-19 21:15:13.737 [main] C3P0ConnectionProvider - HHH010002: C3P0 using driver: com.mysql.jdbc.Driver at URL: jdbc:mysql://localhost:3306/test_cookbook
[INFO ] 2018-02-19 21:15:13.737 [main] C3P0ConnectionProvider - HHH10001001: Connection properties: {user=root, password=****}
[INFO ] 2018-02-19 21:15:13.737 [main] C3P0ConnectionProvider - HHH10001003: Autocommit mode: false
[INFO ] 2018-02-19 21:15:13.955 [main] C3P0ConnectionProvider - HHH10001007: JDBC isolation level: <unknown>
[DEBUG] 2018-02-19 21:15:14.075 [main] JdbcEnvironmentInitiator - Database ->
       name : MySQL
    version : 5.7.21
      major : 5
      minor : 7
[DEBUG] 2018-02-19 21:15:14.075 [main] JdbcEnvironmentInitiator - Driver ->
       name : MySQL Connector Java
    version : mysql-connector-java-5.1.39 ( Revision: 3289a357af6d09ecc1a10fd3c26e95183e5790ad )
      major : 5
      minor : 1
[DEBUG] 2018-02-19 21:15:14.076 [main] JdbcEnvironmentInitiator - JDBC version : 4.0
[INFO ] 2018-02-19 21:15:14.092 [main] Dialect - HHH000400: Using dialect: org.hibernate.dialect.MySQL5Dialect
[DEBUG] 2018-02-19 21:15:14.138 [main] IdentifierHelperBuilder - JDBC driver metadata reported database stores quoted identifiers in more than one case
[DEBUG] 2018-02-19 21:15:14.140 [main] IdentifierHelperBuilder - IdentifierCaseStrategy for both quoted and unquoted identifiers was set to the same strategy [MIXED]; that will likely lead to problems in schema update and validation if using quoted identifiers
[DEBUG] 2018-02-19 21:15:14.209 [main] DefaultIdentifierGeneratorFactory - Registering IdentifierGenerator strategy [uuid2] -> [org.hibernate.id.UUIDGenerator]
[DEBUG] 2018-02-19 21:15:14.210 [main] DefaultIdentifierGeneratorFactory - Registering IdentifierGenerator strategy [guid] -> [org.hibernate.id.GUIDGenerator]
[DEBUG] 2018-02-19 21:15:14.211 [main] DefaultIdentifierGeneratorFactory - Registering IdentifierGenerator strategy [uuid] -> [org.hibernate.id.UUIDHexGenerator]
[DEBUG] 2018-02-19 21:15:14.212 [main] DefaultIdentifierGeneratorFactory - Registering IdentifierGenerator strategy [uuid.hex] -> [org.hibernate.id.UUIDHexGenerator]
[DEBUG] 2018-02-19 21:15:14.212 [main] DefaultIdentifierGeneratorFactory - Registering IdentifierGenerator strategy [assigned] -> [org.hibernate.id.Assigned]
[DEBUG] 2018-02-19 21:15:14.213 [main] DefaultIdentifierGeneratorFactory - Registering IdentifierGenerator strategy [identity] -> [org.hibernate.id.IdentityGenerator]
[DEBUG] 2018-02-19 21:15:14.214 [main] DefaultIdentifierGeneratorFactory - Registering IdentifierGenerator strategy [select] -> [org.hibernate.id.SelectGenerator]
[DEBUG] 2018-02-19 21:15:14.215 [main] DefaultIdentifierGeneratorFactory - Registering IdentifierGenerator strategy [sequence] -> [org.hibernate.id.enhanced.SequenceStyleGenerator]
[DEBUG] 2018-02-19 21:15:14.215 [main] DefaultIdentifierGeneratorFactory - Registering IdentifierGenerator strategy [seqhilo] -> [org.hibernate.id.SequenceHiLoGenerator]
[DEBUG] 2018-02-19 21:15:14.216 [main] DefaultIdentifierGeneratorFactory - Registering IdentifierGenerator strategy [increment] -> [org.hibernate.id.IncrementGenerator]
[DEBUG] 2018-02-19 21:15:14.216 [main] DefaultIdentifierGeneratorFactory - Registering IdentifierGenerator strategy [foreign] -> [org.hibernate.id.ForeignGenerator]
[DEBUG] 2018-02-19 21:15:14.216 [main] DefaultIdentifierGeneratorFactory - Registering IdentifierGenerator strategy [sequence-identity] -> [org.hibernate.id.SequenceIdentityGenerator]
[DEBUG] 2018-02-19 21:15:14.216 [main] DefaultIdentifierGeneratorFactory - Registering IdentifierGenerator strategy [enhanced-sequence] -> [org.hibernate.id.enhanced.SequenceStyleGenerator]
[DEBUG] 2018-02-19 21:15:14.217 [main] DefaultIdentifierGeneratorFactory - Registering IdentifierGenerator strategy [enhanced-table] -> [org.hibernate.id.enhanced.TableGenerator]
[DEBUG] 2018-02-19 21:15:14.247 [main] Namespace - Created database namespace [logicalName=Name{catalog=null, schema=null}, physicalName=Name{catalog=null, schema=null}]
[DEBUG] 2018-02-19 21:15:14.289 [main] AnnotationBinder - Binding entity from annotated class: com.joannesaunders.entity.User
[DEBUG] 2018-02-19 21:15:14.320 [main] Ejb3Column - Binding column: Ejb3DiscriminatorColumn{logicalColumnName'DTYPE', discriminatorTypeName='string'}
[DEBUG] 2018-02-19 21:15:14.329 [main] EntityBinder - Import with entity name User
[DEBUG] 2018-02-19 21:15:14.332 [main] EntityBinder - Bind entity com.joannesaunders.entity.User on table user
[DEBUG] 2018-02-19 21:15:14.356 [main] Ejb3Column - Binding column: Ejb3Column{table=org.hibernate.mapping.Table(user), mappingColumn=id, insertable=true, updatable=true, unique=false}
[DEBUG] 2018-02-19 21:15:14.360 [main] PropertyBinder - MetadataSourceProcessor property id with lazy=false
[DEBUG] 2018-02-19 21:15:14.363 [main] AbstractPropertyHolder - Attempting to locate auto-apply AttributeConverter for property [com.joannesaunders.entity.User:id]
[DEBUG] 2018-02-19 21:15:14.364 [main] SimpleValueBinder - building SimpleValue for id
[DEBUG] 2018-02-19 21:15:14.366 [main] PropertyBinder - Building property id
[DEBUG] 2018-02-19 21:15:14.371 [main] Ejb3Column - Binding column: Ejb3Column{table=org.hibernate.mapping.Table(user), mappingColumn=firstName, insertable=true, updatable=true, unique=false}
[DEBUG] 2018-02-19 21:15:14.372 [main] PropertyBinder - MetadataSourceProcessor property firstName with lazy=false
[DEBUG] 2018-02-19 21:15:14.372 [main] AbstractPropertyHolder - Attempting to locate auto-apply AttributeConverter for property [com.joannesaunders.entity.User:firstName]
[DEBUG] 2018-02-19 21:15:14.373 [main] SimpleValueBinder - building SimpleValue for firstName
[DEBUG] 2018-02-19 21:15:14.373 [main] PropertyBinder - Building property firstName
[DEBUG] 2018-02-19 21:15:14.373 [main] Ejb3Column - Binding column: Ejb3Column{table=org.hibernate.mapping.Table(user), mappingColumn=lastName, insertable=true, updatable=true, unique=false}
[DEBUG] 2018-02-19 21:15:14.373 [main] PropertyBinder - MetadataSourceProcessor property lastName with lazy=false
[DEBUG] 2018-02-19 21:15:14.373 [main] AbstractPropertyHolder - Attempting to locate auto-apply AttributeConverter for property [com.joannesaunders.entity.User:lastName]
[DEBUG] 2018-02-19 21:15:14.373 [main] SimpleValueBinder - building SimpleValue for lastName
[DEBUG] 2018-02-19 21:15:14.373 [main] PropertyBinder - Building property lastName
[DEBUG] 2018-02-19 21:15:14.373 [main] Ejb3Column - Binding column: Ejb3Column{table=org.hibernate.mapping.Table(user), mappingColumn=password, insertable=true, updatable=true, unique=false}
[DEBUG] 2018-02-19 21:15:14.374 [main] PropertyBinder - MetadataSourceProcessor property password with lazy=false
[DEBUG] 2018-02-19 21:15:14.374 [main] AbstractPropertyHolder - Attempting to locate auto-apply AttributeConverter for property [com.joannesaunders.entity.User:password]
[DEBUG] 2018-02-19 21:15:14.374 [main] SimpleValueBinder - building SimpleValue for password
[DEBUG] 2018-02-19 21:15:14.374 [main] PropertyBinder - Building property password
[DEBUG] 2018-02-19 21:15:14.374 [main] Ejb3Column - Binding column: Ejb3Column{table=org.hibernate.mapping.Table(user), mappingColumn=userName, insertable=true, updatable=true, unique=false}
[DEBUG] 2018-02-19 21:15:14.374 [main] PropertyBinder - MetadataSourceProcessor property userName with lazy=false
[DEBUG] 2018-02-19 21:15:14.374 [main] AbstractPropertyHolder - Attempting to locate auto-apply AttributeConverter for property [com.joannesaunders.entity.User:userName]
[DEBUG] 2018-02-19 21:15:14.374 [main] SimpleValueBinder - building SimpleValue for userName
[DEBUG] 2018-02-19 21:15:14.374 [main] PropertyBinder - Building property userName
[DEBUG] 2018-02-19 21:15:14.376 [main] SimpleValueBinder - Starting fillSimpleValue for id
[DEBUG] 2018-02-19 21:15:14.376 [main] SimpleValueBinder - Starting fillSimpleValue for firstName
[DEBUG] 2018-02-19 21:15:14.376 [main] SimpleValueBinder - Starting fillSimpleValue for lastName
[DEBUG] 2018-02-19 21:15:14.376 [main] SimpleValueBinder - Starting fillSimpleValue for password
[DEBUG] 2018-02-19 21:15:14.377 [main] SimpleValueBinder - Starting fillSimpleValue for userName
[DEBUG] 2018-02-19 21:15:14.379 [main] PrimaryKey - Forcing column [id] to be non-null as it is part of the primary key for table [user]
[DEBUG] 2018-02-19 21:15:14.419 [main] SessionFactoryImpl - Building session factory
[DEBUG] 2018-02-19 21:15:14.420 [main] Settings - SessionFactory name : null
[DEBUG] 2018-02-19 21:15:14.420 [main] Settings - Automatic flush during beforeCompletion(): enabled
[DEBUG] 2018-02-19 21:15:14.420 [main] Settings - Automatic session close at end of transaction: disabled
[DEBUG] 2018-02-19 21:15:14.420 [main] Settings - Statistics: disabled
[DEBUG] 2018-02-19 21:15:14.420 [main] Settings - Deleted entity synthetic identifier rollback: disabled
[DEBUG] 2018-02-19 21:15:14.420 [main] Settings - Default entity-mode: pojo
[DEBUG] 2018-02-19 21:15:14.420 [main] Settings - Check Nullability in Core (should be disabled when Bean Validation is on): enabled
[DEBUG] 2018-02-19 21:15:14.421 [main] Settings - Allow initialization of lazy state outside session : disabled
[DEBUG] 2018-02-19 21:15:14.421 [main] Settings - Using BatchFetchStyle : LEGACY
[DEBUG] 2018-02-19 21:15:14.421 [main] Settings - Default batch fetch size: -1
[DEBUG] 2018-02-19 21:15:14.421 [main] Settings - Maximum outer join fetch depth: 2
[DEBUG] 2018-02-19 21:15:14.421 [main] Settings - Default null ordering: NONE
[DEBUG] 2018-02-19 21:15:14.421 [main] Settings - Order SQL updates by primary key: disabled
[DEBUG] 2018-02-19 21:15:14.421 [main] Settings - Order SQL inserts for batching: disabled
[DEBUG] 2018-02-19 21:15:14.421 [main] Settings - multi-tenancy strategy : NONE
[DEBUG] 2018-02-19 21:15:14.421 [main] Settings - JTA Track by Thread: enabled
[DEBUG] 2018-02-19 21:15:14.421 [main] Settings - Query language substitutions: {}
[DEBUG] 2018-02-19 21:15:14.421 [main] Settings - JPA query language strict compliance: disabled
[DEBUG] 2018-02-19 21:15:14.421 [main] Settings - Named query checking : enabled
[DEBUG] 2018-02-19 21:15:14.422 [main] Settings - Second-level cache: enabled
[DEBUG] 2018-02-19 21:15:14.422 [main] Settings - Second-level query cache: disabled
[DEBUG] 2018-02-19 21:15:14.422 [main] Settings - Second-level query cache factory: org.hibernate.cache.internal.StandardQueryCacheFactory@a486d78
[DEBUG] 2018-02-19 21:15:14.422 [main] Settings - Second-level cache region prefix: null
[DEBUG] 2018-02-19 21:15:14.422 [main] Settings - Optimize second-level cache for minimal puts: disabled
[DEBUG] 2018-02-19 21:15:14.422 [main] Settings - Structured second-level cache entries: disabled
[DEBUG] 2018-02-19 21:15:14.422 [main] Settings - Second-level cache direct-reference entries: disabled
[DEBUG] 2018-02-19 21:15:14.422 [main] Settings - Automatic eviction of collection cache: disabled
[DEBUG] 2018-02-19 21:15:14.422 [main] Settings - JDBC batch size: 15
[DEBUG] 2018-02-19 21:15:14.422 [main] Settings - JDBC batch updates for versioned data: enabled
[DEBUG] 2018-02-19 21:15:14.422 [main] Settings - Scrollable result sets: enabled
[DEBUG] 2018-02-19 21:15:14.422 [main] Settings - Wrap result sets: disabled
[DEBUG] 2018-02-19 21:15:14.422 [main] Settings - JDBC3 getGeneratedKeys(): enabled
[DEBUG] 2018-02-19 21:15:14.422 [main] Settings - JDBC result set fetch size: null
[DEBUG] 2018-02-19 21:15:14.423 [main] Settings - Connection release mode: AFTER_TRANSACTION
[DEBUG] 2018-02-19 21:15:14.423 [main] Settings - Generate SQL with comments: disabled
[DEBUG] 2018-02-19 21:15:14.481 [main] SessionFactoryImpl - Session factory constructed with filter configurations : {}
[DEBUG] 2018-02-19 21:15:14.481 [main] SessionFactoryImpl - Instantiating session factory with properties: {gopherProxySet=false, awt.toolkit=sun.lwawt.macosx.LWCToolkit, file.encoding.pkg=sun.io, java.specification.version=1.8, sun.cpu.isalist=, hibernate.c3p0.idle_test_period=3000, sun.jnu.encoding=UTF-8, hibernate.c3p0.min_size=5, java.class.path=/Users/joannesaunders/IdeaProjects/SecretRecipeCookbook/target/test-classes:/Users/joannesaunders/IdeaProjects/SecretRecipeCookbook/target/classes:/Users/joannesaunders/.m2/repository/org/junit/jupiter/junit-jupiter-engine/5.0.0/junit-jupiter-engine-5.0.0.jar:/Users/joannesaunders/.m2/repository/org/apiguardian/apiguardian-api/1.0.0/apiguardian-api-1.0.0.jar:/Users/joannesaunders/.m2/repository/org/junit/platform/junit-platform-engine/1.0.0/junit-platform-engine-1.0.0.jar:/Users/joannesaunders/.m2/repository/org/junit/platform/junit-platform-commons/1.0.0/junit-platform-commons-1.0.0.jar:/Users/joannesaunders/.m2/repository/org/opentest4j/opentest4j/1.0.0/opentest4j-1.0.0.jar:/Users/joannesaunders/.m2/repository/org/junit/jupiter/junit-jupiter-api/5.0.0/junit-jupiter-api-5.0.0.jar:/Users/joannesaunders/.m2/repository/junit/junit/4.12/junit-4.12.jar:/Users/joannesaunders/.m2/repository/org/hamcrest/hamcrest-core/1.3/hamcrest-core-1.3.jar:/Users/joannesaunders/.m2/repository/org/junit/platform/junit-platform-runner/1.0.0/junit-platform-runner-1.0.0.jar:/Users/joannesaunders/.m2/repository/org/junit/platform/junit-platform-launcher/1.0.0/junit-platform-launcher-1.0.0.jar:/Users/joannesaunders/.m2/repository/org/junit/platform/junit-platform-suite-api/1.0.0/junit-platform-suite-api-1.0.0.jar:/Users/joannesaunders/.m2/repository/org/junit/vintage/junit-vintage-engine/4.12.0/junit-vintage-engine-4.12.0.jar:/Users/joannesaunders/.m2/repository/javax/javaee-web-api/7.0/javaee-web-api-7.0.jar:/Users/joannesaunders/.m2/repository/org/apache/logging/log4j/log4j-api/2.10.0/log4j-api-2.10.0.jar:/Users/joannesaunders/.m2/repository/org/apache/logging/log4j/log4j-core/2.10.0/log4j-core-2.10.0.jar:/Users/joannesaunders/.m2/repository/org/hibernate/hibernate-core/5.2.12.Final/hibernate-core-5.2.12.Final.jar:/Users/joannesaunders/.m2/repository/org/jboss/logging/jboss-logging/3.3.0.Final/jboss-logging-3.3.0.Final.jar:/Users/joannesaunders/.m2/repository/org/hibernate/javax/persistence/hibernate-jpa-2.1-api/1.0.0.Final/hibernate-jpa-2.1-api-1.0.0.Final.jar:/Users/joannesaunders/.m2/repository/org/javassist/javassist/3.20.0-GA/javassist-3.20.0-GA.jar:/Users/joannesaunders/.m2/repository/antlr/antlr/2.7.7/antlr-2.7.7.jar:/Users/joannesaunders/.m2/repository/org/jboss/spec/javax/transaction/jboss-transaction-api_1.2_spec/1.0.1.Final/jboss-transaction-api_1.2_spec-1.0.1.Final.jar:/Users/joannesaunders/.m2/repository/org/jboss/jandex/2.0.3.Final/jandex-2.0.3.Final.jar:/Users/joannesaunders/.m2/repository/com/fasterxml/classmate/1.3.0/classmate-1.3.0.jar:/Users/joannesaunders/.m2/repository/dom4j/dom4j/1.6.1/dom4j-1.6.1.jar:/Users/joannesaunders/.m2/repository/org/hibernate/common/hibernate-commons-annotations/5.0.1.Final/hibernate-commons-annotations-5.0.1.Final.jar:/Users/joannesaunders/.m2/repository/org/hibernate/hibernate-c3p0/5.2.12.Final/hibernate-c3p0-5.2.12.Final.jar:/Users/joannesaunders/.m2/repository/com/mchange/c3p0/0.9.5.2/c3p0-0.9.5.2.jar:/Users/joannesaunders/.m2/repository/com/mchange/mchange-commons-java/0.2.11/mchange-commons-java-0.2.11.jar:/Users/joannesaunders/.m2/repository/mysql/mysql-connector-java/5.1.39/mysql-connector-java-5.1.39.jar:/Users/joannesaunders/.m2/repository/jstl/jstl/1.2/jstl-1.2.jar:, java.vm.vendor=Oracle Corporation, sun.arch.data.model=64, java.vendor.url=http://java.oracle.com/, user.timezone=America/Chicago, os.name=Mac OS X, java.vm.specification.version=1.8, sun.java.launcher=SUN_STANDARD, user.country=US, sun.boot.library.path=/Library/Java/JavaVirtualMachines/jdk1.8.0_162.jdk/Contents/Home/jre/lib, sun.java.command=/Users/joannesaunders/IdeaProjects/SecretRecipeCookbook/target/surefire/surefirebooter6693098260678230123.jar /Users/joannesaunders/IdeaProjects/SecretRecipeCookbook/target/surefire/surefire2483084496419487725tmp /Users/joannesaunders/IdeaProjects/SecretRecipeCookbook/target/surefire/surefire_0871882512872178191tmp, http.nonProxyHosts=local|*.local|169.254/16|*.169.254/16, surefire.test.class.path=/Users/joannesaunders/IdeaProjects/SecretRecipeCookbook/target/test-classes:/Users/joannesaunders/IdeaProjects/SecretRecipeCookbook/target/classes:/Users/joannesaunders/.m2/repository/org/junit/jupiter/junit-jupiter-engine/5.0.0/junit-jupiter-engine-5.0.0.jar:/Users/joannesaunders/.m2/repository/org/apiguardian/apiguardian-api/1.0.0/apiguardian-api-1.0.0.jar:/Users/joannesaunders/.m2/repository/org/junit/platform/junit-platform-engine/1.0.0/junit-platform-engine-1.0.0.jar:/Users/joannesaunders/.m2/repository/org/junit/platform/junit-platform-commons/1.0.0/junit-platform-commons-1.0.0.jar:/Users/joannesaunders/.m2/repository/org/opentest4j/opentest4j/1.0.0/opentest4j-1.0.0.jar:/Users/joannesaunders/.m2/repository/org/junit/jupiter/junit-jupiter-api/5.0.0/junit-jupiter-api-5.0.0.jar:/Users/joannesaunders/.m2/repository/junit/junit/4.12/junit-4.12.jar:/Users/joannesaunders/.m2/repository/org/hamcrest/hamcrest-core/1.3/hamcrest-core-1.3.jar:/Users/joannesaunders/.m2/repository/org/junit/platform/junit-platform-runner/1.0.0/junit-platform-runner-1.0.0.jar:/Users/joannesaunders/.m2/repository/org/junit/platform/junit-platform-launcher/1.0.0/junit-platform-launcher-1.0.0.jar:/Users/joannesaunders/.m2/repository/org/junit/platform/junit-platform-suite-api/1.0.0/junit-platform-suite-api-1.0.0.jar:/Users/joannesaunders/.m2/repository/org/junit/vintage/junit-vintage-engine/4.12.0/junit-vintage-engine-4.12.0.jar:/Users/joannesaunders/.m2/repository/javax/javaee-web-api/7.0/javaee-web-api-7.0.jar:/Users/joannesaunders/.m2/repository/org/apache/logging/log4j/log4j-api/2.10.0/log4j-api-2.10.0.jar:/Users/joannesaunders/.m2/repository/org/apache/logging/log4j/log4j-core/2.10.0/log4j-core-2.10.0.jar:/Users/joannesaunders/.m2/repository/org/hibernate/hibernate-core/5.2.12.Final/hibernate-core-5.2.12.Final.jar:/Users/joannesaunders/.m2/repository/org/jboss/logging/jboss-logging/3.3.0.Final/jboss-logging-3.3.0.Final.jar:/Users/joannesaunders/.m2/repository/org/hibernate/javax/persistence/hibernate-jpa-2.1-api/1.0.0.Final/hibernate-jpa-2.1-api-1.0.0.Final.jar:/Users/joannesaunders/.m2/repository/org/javassist/javassist/3.20.0-GA/javassist-3.20.0-GA.jar:/Users/joannesaunders/.m2/repository/antlr/antlr/2.7.7/antlr-2.7.7.jar:/Users/joannesaunders/.m2/repository/org/jboss/spec/javax/transaction/jboss-transaction-api_1.2_spec/1.0.1.Final/jboss-transaction-api_1.2_spec-1.0.1.Final.jar:/Users/joannesaunders/.m2/repository/org/jboss/jandex/2.0.3.Final/jandex-2.0.3.Final.jar:/Users/joannesaunders/.m2/repository/com/fasterxml/classmate/1.3.0/classmate-1.3.0.jar:/Users/joannesaunders/.m2/repository/dom4j/dom4j/1.6.1/dom4j-1.6.1.jar:/Users/joannesaunders/.m2/repository/org/hibernate/common/hibernate-commons-annotations/5.0.1.Final/hibernate-commons-annotations-5.0.1.Final.jar:/Users/joannesaunders/.m2/repository/org/hibernate/hibernate-c3p0/5.2.12.Final/hibernate-c3p0-5.2.12.Final.jar:/Users/joannesaunders/.m2/repository/com/mchange/c3p0/0.9.5.2/c3p0-0.9.5.2.jar:/Users/joannesaunders/.m2/repository/com/mchange/mchange-commons-java/0.2.11/mchange-commons-java-0.2.11.jar:/Users/joannesaunders/.m2/repository/mysql/mysql-connector-java/5.1.39/mysql-connector-java-5.1.39.jar:/Users/joannesaunders/.m2/repository/jstl/jstl/1.2/jstl-1.2.jar:, sun.cpu.endian=little, user.home=/Users/joannesaunders, hibernate.c3p0.max_statements=50, user.language=en, java.specification.vendor=Oracle Corporation, java.home=/Library/Java/JavaVirtualMachines/jdk1.8.0_162.jdk/Contents/Home/jre, file.separator=/, basedir=/Users/joannesaunders/IdeaProjects/SecretRecipeCookbook, line.separator=
, hibernate.c3p0.timeout=300, java.vm.specification.vendor=Oracle Corporation, java.specification.name=Java Platform API Specification, java.awt.graphicsenv=sun.awt.CGraphicsEnvironment, surefire.real.class.path=/Users/joannesaunders/IdeaProjects/SecretRecipeCookbook/target/surefire/surefirebooter6693098260678230123.jar, sun.boot.class.path=/Library/Java/JavaVirtualMachines/jdk1.8.0_162.jdk/Contents/Home/jre/lib/resources.jar:/Library/Java/JavaVirtualMachines/jdk1.8.0_162.jdk/Contents/Home/jre/lib/rt.jar:/Library/Java/JavaVirtualMachines/jdk1.8.0_162.jdk/Contents/Home/jre/lib/sunrsasign.jar:/Library/Java/JavaVirtualMachines/jdk1.8.0_162.jdk/Contents/Home/jre/lib/jsse.jar:/Library/Java/JavaVirtualMachines/jdk1.8.0_162.jdk/Contents/Home/jre/lib/jce.jar:/Library/Java/JavaVirtualMachines/jdk1.8.0_162.jdk/Contents/Home/jre/lib/charsets.jar:/Library/Java/JavaVirtualMachines/jdk1.8.0_162.jdk/Contents/Home/jre/lib/jfr.jar:/Library/Java/JavaVirtualMachines/jdk1.8.0_162.jdk/Contents/Home/jre/classes, connection.password=TigerPaw1620, sun.management.compiler=HotSpot 64-Bit Tiered Compilers, hibernate.c3p0.max_size=20, ftp.nonProxyHosts=local|*.local|169.254/16|*.169.254/16, java.runtime.version=1.8.0_162-b12, user.name=joannesaunders, path.separator=:, hibernate.connection.username=root, os.version=10.13.3, java.endorsed.dirs=/Library/Java/JavaVirtualMachines/jdk1.8.0_162.jdk/Contents/Home/jre/lib/endorsed, java.runtime.name=Java(TM) SE Runtime Environment, hibernate.connection.url=jdbc:mysql://localhost:3306/test_cookbook, file.encoding=UTF-8, java.vm.name=Java HotSpot(TM) 64-Bit Server VM, localRepository=/Users/joannesaunders/.m2/repository, hibernate.connection.driver_class=com.mysql.jdbc.Driver, java.vendor.url.bug=http://bugreport.sun.com/bugreport/, java.io.tmpdir=/var/folders/t1/7ybqw5713qb6strc7y62gw540000gn/T/, idea.version=2017.3.3, java.version=1.8.0_162, user.dir=/Users/joannesaunders/IdeaProjects/SecretRecipeCookbook, os.arch=x86_64, connection.username=root, java.vm.specification.name=Java Virtual Machine Specification, hibernate.connection.password=****, java.awt.printerjob=sun.lwawt.macosx.CPrinterJob, sun.os.patch.level=unknown, connection.driver_class=com.mysql.jdbc.Driver, hibernate.boot.CfgXmlAccessService.key=org.hibernate.boot.cfgxml.spi.LoadedConfig@b93aad, java.library.path=/Users/joannesaunders/Library/Java/Extensions:/Library/Java/Extensions:/Network/Library/Java/Extensions:/System/Library/Java/Extensions:/usr/lib/java:., java.vendor=Oracle Corporation, java.vm.info=mixed mode, java.vm.version=25.162-b12, hibernate.bytecode.use_reflection_optimizer=false, sun.io.unicode.encoding=UnicodeBig, java.ext.dirs=/Users/joannesaunders/Library/Java/Extensions:/Library/Java/JavaVirtualMachines/jdk1.8.0_162.jdk/Contents/Home/jre/lib/ext:/Library/Java/Extensions:/Network/Library/Java/Extensions:/System/Library/Java/Extensions:/usr/lib/java, connection.url=jdbc:mysql://localhost:3306/test_cookbook, java.class.version=52.0, socksNonProxyHosts=local|*.local|169.254/16|*.169.254/16}
[DEBUG] 2018-02-19 21:15:14.501 [main] TypeSafeActivator - Unable to acquire Bean Validation ValidatorFactory, skipping activation
[DEBUG] 2018-02-19 21:15:14.501 [main] JaccIntegrator - Skipping JACC integration as it was not enabled
[DEBUG] 2018-02-19 21:15:14.502 [main] SessionFactoryImpl - Instantiated session factory
[DEBUG] 2018-02-19 21:15:14.553 [main] ClassLoaderAccessImpl - Not known whether passed class name [com.joannesaunders.entity.User] is safe
[DEBUG] 2018-02-19 21:15:14.554 [main] ClassLoaderAccessImpl - No temp ClassLoader provided; using live ClassLoader for loading potentially unsafe class : com.joannesaunders.entity.User
[DEBUG] 2018-02-19 21:15:14.588 [main] ClassLoaderAccessImpl - Not known whether passed class name [com.joannesaunders.entity.User] is safe
[DEBUG] 2018-02-19 21:15:14.588 [main] ClassLoaderAccessImpl - No temp ClassLoader provided; using live ClassLoader for loading potentially unsafe class : com.joannesaunders.entity.User
[DEBUG] 2018-02-19 21:15:14.691 [main] AbstractEntityPersister - Static SQL for entity: com.joannesaunders.entity.User
[DEBUG] 2018-02-19 21:15:14.691 [main] AbstractEntityPersister -  Version select: select id from user where id =?
[DEBUG] 2018-02-19 21:15:14.692 [main] AbstractEntityPersister -  Snapshot select: select user_.id, user_.firstName as firstNam2_0_, user_.lastName as lastName3_0_, user_.password as password4_0_, user_.userName as userName5_0_ from user user_ where user_.id=?
[DEBUG] 2018-02-19 21:15:14.692 [main] AbstractEntityPersister -  Insert 0: insert into user (firstName, lastName, password, userName, id) values (?, ?, ?, ?, ?)
[DEBUG] 2018-02-19 21:15:14.692 [main] AbstractEntityPersister -  Update 0: update user set firstName=?, lastName=?, password=?, userName=? where id=?
[DEBUG] 2018-02-19 21:15:14.692 [main] AbstractEntityPersister -  Delete 0: delete from user where id=?
[DEBUG] 2018-02-19 21:15:14.692 [main] AbstractEntityPersister -  Identity insert: insert into user (firstName, lastName, password, userName) values (?, ?, ?, ?)
[DEBUG] 2018-02-19 21:15:14.718 [main] QuerySpacesImpl - Adding QuerySpace : uid = <gen:0> -> org.hibernate.loader.plan.build.internal.spaces.EntityQuerySpaceImpl@9ec531]
[DEBUG] 2018-02-19 21:15:14.720 [main] MetamodelGraphWalker - Visiting attribute path : firstName
[DEBUG] 2018-02-19 21:15:14.720 [main] MetamodelGraphWalker - Visiting attribute path : lastName
[DEBUG] 2018-02-19 21:15:14.720 [main] MetamodelGraphWalker - Visiting attribute path : password
[DEBUG] 2018-02-19 21:15:14.720 [main] MetamodelGraphWalker - Visiting attribute path : userName
[DEBUG] 2018-02-19 21:15:14.720 [main] FetchStyleLoadPlanBuildingAssociationVisitationStrategy - Building LoadPlan...
[DEBUG] 2018-02-19 21:15:14.735 [main] LoadQueryJoinAndFetchProcessor - processing queryspace <gen:0>
[DEBUG] 2018-02-19 21:15:14.740 [main] LoadPlanTreePrinter - LoadPlan(entity=com.joannesaunders.entity.User)
    - Returns
       - EntityReturnImpl(entity=com.joannesaunders.entity.User, querySpaceUid=<gen:0>, path=com.joannesaunders.entity.User)
    - QuerySpaces
       - EntityQuerySpaceImpl(uid=<gen:0>, entity=com.joannesaunders.entity.User)
          - SQL table alias mapping - user0_
          - alias suffix - 0_
          - suffixed key columns - {id1_0_0_}

[DEBUG] 2018-02-19 21:15:14.744 [main] EntityLoader - Static select for entity com.joannesaunders.entity.User [NONE]: select user0_.id as id1_0_0_, user0_.firstName as firstNam2_0_0_, user0_.lastName as lastName3_0_0_, user0_.password as password4_0_0_, user0_.userName as userName5_0_0_ from user user0_ where user0_.id=?
[DEBUG] 2018-02-19 21:15:14.744 [main] QuerySpacesImpl - Adding QuerySpace : uid = <gen:0> -> org.hibernate.loader.plan.build.internal.spaces.EntityQuerySpaceImpl@24e8de5c]
[DEBUG] 2018-02-19 21:15:14.744 [main] MetamodelGraphWalker - Visiting attribute path : firstName
[DEBUG] 2018-02-19 21:15:14.744 [main] MetamodelGraphWalker - Visiting attribute path : lastName
[DEBUG] 2018-02-19 21:15:14.745 [main] MetamodelGraphWalker - Visiting attribute path : password
[DEBUG] 2018-02-19 21:15:14.745 [main] MetamodelGraphWalker - Visiting attribute path : userName
[DEBUG] 2018-02-19 21:15:14.745 [main] FetchStyleLoadPlanBuildingAssociationVisitationStrategy - Building LoadPlan...
[DEBUG] 2018-02-19 21:15:14.745 [main] LoadQueryJoinAndFetchProcessor - processing queryspace <gen:0>
[DEBUG] 2018-02-19 21:15:14.745 [main] LoadPlanTreePrinter - LoadPlan(entity=com.joannesaunders.entity.User)
    - Returns
       - EntityReturnImpl(entity=com.joannesaunders.entity.User, querySpaceUid=<gen:0>, path=com.joannesaunders.entity.User)
    - QuerySpaces
       - EntityQuerySpaceImpl(uid=<gen:0>, entity=com.joannesaunders.entity.User)
          - SQL table alias mapping - user0_
          - alias suffix - 0_
          - suffixed key columns - {id1_0_0_}

[DEBUG] 2018-02-19 21:15:14.745 [main] EntityLoader - Static select for entity com.joannesaunders.entity.User [READ]: select user0_.id as id1_0_0_, user0_.firstName as firstNam2_0_0_, user0_.lastName as lastName3_0_0_, user0_.password as password4_0_0_, user0_.userName as userName5_0_0_ from user user0_ where user0_.id=?
[DEBUG] 2018-02-19 21:15:14.746 [main] QuerySpacesImpl - Adding QuerySpace : uid = <gen:0> -> org.hibernate.loader.plan.build.internal.spaces.EntityQuerySpaceImpl@110844f6]
[DEBUG] 2018-02-19 21:15:14.746 [main] MetamodelGraphWalker - Visiting attribute path : firstName
[DEBUG] 2018-02-19 21:15:14.746 [main] MetamodelGraphWalker - Visiting attribute path : lastName
[DEBUG] 2018-02-19 21:15:14.746 [main] MetamodelGraphWalker - Visiting attribute path : password
[DEBUG] 2018-02-19 21:15:14.746 [main] MetamodelGraphWalker - Visiting attribute path : userName
[DEBUG] 2018-02-19 21:15:14.746 [main] FetchStyleLoadPlanBuildingAssociationVisitationStrategy - Building LoadPlan...
[DEBUG] 2018-02-19 21:15:14.746 [main] LoadQueryJoinAndFetchProcessor - processing queryspace <gen:0>
[DEBUG] 2018-02-19 21:15:14.748 [main] LoadPlanTreePrinter - LoadPlan(entity=com.joannesaunders.entity.User)
    - Returns
       - EntityReturnImpl(entity=com.joannesaunders.entity.User, querySpaceUid=<gen:0>, path=com.joannesaunders.entity.User)
    - QuerySpaces
       - EntityQuerySpaceImpl(uid=<gen:0>, entity=com.joannesaunders.entity.User)
          - SQL table alias mapping - user0_
          - alias suffix - 0_
          - suffixed key columns - {id1_0_0_}

[DEBUG] 2018-02-19 21:15:14.748 [main] EntityLoader - Static select for entity com.joannesaunders.entity.User [UPGRADE]: select user0_.id as id1_0_0_, user0_.firstName as firstNam2_0_0_, user0_.lastName as lastName3_0_0_, user0_.password as password4_0_0_, user0_.userName as userName5_0_0_ from user user0_ where user0_.id=? for update
[DEBUG] 2018-02-19 21:15:14.748 [main] QuerySpacesImpl - Adding QuerySpace : uid = <gen:0> -> org.hibernate.loader.plan.build.internal.spaces.EntityQuerySpaceImpl@df1cff6]
[DEBUG] 2018-02-19 21:15:14.749 [main] MetamodelGraphWalker - Visiting attribute path : firstName
[DEBUG] 2018-02-19 21:15:14.749 [main] MetamodelGraphWalker - Visiting attribute path : lastName
[DEBUG] 2018-02-19 21:15:14.749 [main] MetamodelGraphWalker - Visiting attribute path : password
[DEBUG] 2018-02-19 21:15:14.749 [main] MetamodelGraphWalker - Visiting attribute path : userName
[DEBUG] 2018-02-19 21:15:14.749 [main] FetchStyleLoadPlanBuildingAssociationVisitationStrategy - Building LoadPlan...
[DEBUG] 2018-02-19 21:15:14.749 [main] LoadQueryJoinAndFetchProcessor - processing queryspace <gen:0>
[DEBUG] 2018-02-19 21:15:14.749 [main] LoadPlanTreePrinter - LoadPlan(entity=com.joannesaunders.entity.User)
    - Returns
       - EntityReturnImpl(entity=com.joannesaunders.entity.User, querySpaceUid=<gen:0>, path=com.joannesaunders.entity.User)
    - QuerySpaces
       - EntityQuerySpaceImpl(uid=<gen:0>, entity=com.joannesaunders.entity.User)
          - SQL table alias mapping - user0_
          - alias suffix - 0_
          - suffixed key columns - {id1_0_0_}

[DEBUG] 2018-02-19 21:15:14.750 [main] EntityLoader - Static select for entity com.joannesaunders.entity.User [UPGRADE_NOWAIT]: select user0_.id as id1_0_0_, user0_.firstName as firstNam2_0_0_, user0_.lastName as lastName3_0_0_, user0_.password as password4_0_0_, user0_.userName as userName5_0_0_ from user user0_ where user0_.id=? for update
[DEBUG] 2018-02-19 21:15:14.750 [main] QuerySpacesImpl - Adding QuerySpace : uid = <gen:0> -> org.hibernate.loader.plan.build.internal.spaces.EntityQuerySpaceImpl@1ad926d3]
[DEBUG] 2018-02-19 21:15:14.750 [main] MetamodelGraphWalker - Visiting attribute path : firstName
[DEBUG] 2018-02-19 21:15:14.750 [main] MetamodelGraphWalker - Visiting attribute path : lastName
[DEBUG] 2018-02-19 21:15:14.750 [main] MetamodelGraphWalker - Visiting attribute path : password
[DEBUG] 2018-02-19 21:15:14.750 [main] MetamodelGraphWalker - Visiting attribute path : userName
[DEBUG] 2018-02-19 21:15:14.750 [main] FetchStyleLoadPlanBuildingAssociationVisitationStrategy - Building LoadPlan...
[DEBUG] 2018-02-19 21:15:14.750 [main] LoadQueryJoinAndFetchProcessor - processing queryspace <gen:0>
[DEBUG] 2018-02-19 21:15:14.751 [main] LoadPlanTreePrinter - LoadPlan(entity=com.joannesaunders.entity.User)
    - Returns
       - EntityReturnImpl(entity=com.joannesaunders.entity.User, querySpaceUid=<gen:0>, path=com.joannesaunders.entity.User)
    - QuerySpaces
       - EntityQuerySpaceImpl(uid=<gen:0>, entity=com.joannesaunders.entity.User)
          - SQL table alias mapping - user0_
          - alias suffix - 0_
          - suffixed key columns - {id1_0_0_}

[DEBUG] 2018-02-19 21:15:14.751 [main] EntityLoader - Static select for entity com.joannesaunders.entity.User [UPGRADE_SKIPLOCKED]: select user0_.id as id1_0_0_, user0_.firstName as firstNam2_0_0_, user0_.lastName as lastName3_0_0_, user0_.password as password4_0_0_, user0_.userName as userName5_0_0_ from user user0_ where user0_.id=? for update
[DEBUG] 2018-02-19 21:15:14.751 [main] QuerySpacesImpl - Adding QuerySpace : uid = <gen:0> -> org.hibernate.loader.plan.build.internal.spaces.EntityQuerySpaceImpl@39ce27f2]
[DEBUG] 2018-02-19 21:15:14.751 [main] MetamodelGraphWalker - Visiting attribute path : firstName
[DEBUG] 2018-02-19 21:15:14.751 [main] MetamodelGraphWalker - Visiting attribute path : lastName
[DEBUG] 2018-02-19 21:15:14.751 [main] MetamodelGraphWalker - Visiting attribute path : password
[DEBUG] 2018-02-19 21:15:14.751 [main] MetamodelGraphWalker - Visiting attribute path : userName
[DEBUG] 2018-02-19 21:15:14.751 [main] FetchStyleLoadPlanBuildingAssociationVisitationStrategy - Building LoadPlan...
[DEBUG] 2018-02-19 21:15:14.751 [main] LoadQueryJoinAndFetchProcessor - processing queryspace <gen:0>
[DEBUG] 2018-02-19 21:15:14.752 [main] LoadPlanTreePrinter - LoadPlan(entity=com.joannesaunders.entity.User)
    - Returns
       - EntityReturnImpl(entity=com.joannesaunders.entity.User, querySpaceUid=<gen:0>, path=com.joannesaunders.entity.User)
    - QuerySpaces
       - EntityQuerySpaceImpl(uid=<gen:0>, entity=com.joannesaunders.entity.User)
          - SQL table alias mapping - user0_
          - alias suffix - 0_
          - suffixed key columns - {id1_0_0_}

[DEBUG] 2018-02-19 21:15:14.752 [main] EntityLoader - Static select for entity com.joannesaunders.entity.User [FORCE]: select user0_.id as id1_0_0_, user0_.firstName as firstNam2_0_0_, user0_.lastName as lastName3_0_0_, user0_.password as password4_0_0_, user0_.userName as userName5_0_0_ from user user0_ where user0_.id=? for update
[DEBUG] 2018-02-19 21:15:14.752 [main] QuerySpacesImpl - Adding QuerySpace : uid = <gen:0> -> org.hibernate.loader.plan.build.internal.spaces.EntityQuerySpaceImpl@c96a4ea]
[DEBUG] 2018-02-19 21:15:14.752 [main] MetamodelGraphWalker - Visiting attribute path : firstName
[DEBUG] 2018-02-19 21:15:14.752 [main] MetamodelGraphWalker - Visiting attribute path : lastName
[DEBUG] 2018-02-19 21:15:14.752 [main] MetamodelGraphWalker - Visiting attribute path : password
[DEBUG] 2018-02-19 21:15:14.752 [main] MetamodelGraphWalker - Visiting attribute path : userName
[DEBUG] 2018-02-19 21:15:14.752 [main] FetchStyleLoadPlanBuildingAssociationVisitationStrategy - Building LoadPlan...
[DEBUG] 2018-02-19 21:15:14.753 [main] LoadQueryJoinAndFetchProcessor - processing queryspace <gen:0>
[DEBUG] 2018-02-19 21:15:14.753 [main] LoadPlanTreePrinter - LoadPlan(entity=com.joannesaunders.entity.User)
    - Returns
       - EntityReturnImpl(entity=com.joannesaunders.entity.User, querySpaceUid=<gen:0>, path=com.joannesaunders.entity.User)
    - QuerySpaces
       - EntityQuerySpaceImpl(uid=<gen:0>, entity=com.joannesaunders.entity.User)
          - SQL table alias mapping - user0_
          - alias suffix - 0_
          - suffixed key columns - {id1_0_0_}

[DEBUG] 2018-02-19 21:15:14.753 [main] EntityLoader - Static select for entity com.joannesaunders.entity.User [PESSIMISTIC_READ]: select user0_.id as id1_0_0_, user0_.firstName as firstNam2_0_0_, user0_.lastName as lastName3_0_0_, user0_.password as password4_0_0_, user0_.userName as userName5_0_0_ from user user0_ where user0_.id=? lock in share mode
[DEBUG] 2018-02-19 21:15:14.753 [main] QuerySpacesImpl - Adding QuerySpace : uid = <gen:0> -> org.hibernate.loader.plan.build.internal.spaces.EntityQuerySpaceImpl@60c16548]
[DEBUG] 2018-02-19 21:15:14.753 [main] MetamodelGraphWalker - Visiting attribute path : firstName
[DEBUG] 2018-02-19 21:15:14.754 [main] MetamodelGraphWalker - Visiting attribute path : lastName
[DEBUG] 2018-02-19 21:15:14.754 [main] MetamodelGraphWalker - Visiting attribute path : password
[DEBUG] 2018-02-19 21:15:14.754 [main] MetamodelGraphWalker - Visiting attribute path : userName
[DEBUG] 2018-02-19 21:15:14.754 [main] FetchStyleLoadPlanBuildingAssociationVisitationStrategy - Building LoadPlan...
[DEBUG] 2018-02-19 21:15:14.754 [main] LoadQueryJoinAndFetchProcessor - processing queryspace <gen:0>
[DEBUG] 2018-02-19 21:15:14.754 [main] LoadPlanTreePrinter - LoadPlan(entity=com.joannesaunders.entity.User)
    - Returns
       - EntityReturnImpl(entity=com.joannesaunders.entity.User, querySpaceUid=<gen:0>, path=com.joannesaunders.entity.User)
    - QuerySpaces
       - EntityQuerySpaceImpl(uid=<gen:0>, entity=com.joannesaunders.entity.User)
          - SQL table alias mapping - user0_
          - alias suffix - 0_
          - suffixed key columns - {id1_0_0_}

[DEBUG] 2018-02-19 21:15:14.754 [main] EntityLoader - Static select for entity com.joannesaunders.entity.User [PESSIMISTIC_WRITE]: select user0_.id as id1_0_0_, user0_.firstName as firstNam2_0_0_, user0_.lastName as lastName3_0_0_, user0_.password as password4_0_0_, user0_.userName as userName5_0_0_ from user user0_ where user0_.id=? for update
[DEBUG] 2018-02-19 21:15:14.754 [main] QuerySpacesImpl - Adding QuerySpace : uid = <gen:0> -> org.hibernate.loader.plan.build.internal.spaces.EntityQuerySpaceImpl@511816c0]
[DEBUG] 2018-02-19 21:15:14.754 [main] MetamodelGraphWalker - Visiting attribute path : firstName
[DEBUG] 2018-02-19 21:15:14.755 [main] MetamodelGraphWalker - Visiting attribute path : lastName
[DEBUG] 2018-02-19 21:15:14.755 [main] MetamodelGraphWalker - Visiting attribute path : password
[DEBUG] 2018-02-19 21:15:14.755 [main] MetamodelGraphWalker - Visiting attribute path : userName
[DEBUG] 2018-02-19 21:15:14.755 [main] FetchStyleLoadPlanBuildingAssociationVisitationStrategy - Building LoadPlan...
[DEBUG] 2018-02-19 21:15:14.755 [main] LoadQueryJoinAndFetchProcessor - processing queryspace <gen:0>
[DEBUG] 2018-02-19 21:15:14.755 [main] LoadPlanTreePrinter - LoadPlan(entity=com.joannesaunders.entity.User)
    - Returns
       - EntityReturnImpl(entity=com.joannesaunders.entity.User, querySpaceUid=<gen:0>, path=com.joannesaunders.entity.User)
    - QuerySpaces
       - EntityQuerySpaceImpl(uid=<gen:0>, entity=com.joannesaunders.entity.User)
          - SQL table alias mapping - user0_
          - alias suffix - 0_
          - suffixed key columns - {id1_0_0_}

[DEBUG] 2018-02-19 21:15:14.755 [main] EntityLoader - Static select for entity com.joannesaunders.entity.User [PESSIMISTIC_FORCE_INCREMENT]: select user0_.id as id1_0_0_, user0_.firstName as firstNam2_0_0_, user0_.lastName as lastName3_0_0_, user0_.password as password4_0_0_, user0_.userName as userName5_0_0_ from user user0_ where user0_.id=? for update
[DEBUG] 2018-02-19 21:15:14.755 [main] QuerySpacesImpl - Adding QuerySpace : uid = <gen:0> -> org.hibernate.loader.plan.build.internal.spaces.EntityQuerySpaceImpl@5339bbad]
[DEBUG] 2018-02-19 21:15:14.755 [main] MetamodelGraphWalker - Visiting attribute path : firstName
[DEBUG] 2018-02-19 21:15:14.755 [main] MetamodelGraphWalker - Visiting attribute path : lastName
[DEBUG] 2018-02-19 21:15:14.755 [main] MetamodelGraphWalker - Visiting attribute path : password
[DEBUG] 2018-02-19 21:15:14.756 [main] MetamodelGraphWalker - Visiting attribute path : userName
[DEBUG] 2018-02-19 21:15:14.756 [main] FetchStyleLoadPlanBuildingAssociationVisitationStrategy - Building LoadPlan...
[DEBUG] 2018-02-19 21:15:14.756 [main] LoadQueryJoinAndFetchProcessor - processing queryspace <gen:0>
[DEBUG] 2018-02-19 21:15:14.756 [main] LoadPlanTreePrinter - LoadPlan(entity=com.joannesaunders.entity.User)
    - Returns
       - EntityReturnImpl(entity=com.joannesaunders.entity.User, querySpaceUid=<gen:0>, path=com.joannesaunders.entity.User)
    - QuerySpaces
       - EntityQuerySpaceImpl(uid=<gen:0>, entity=com.joannesaunders.entity.User)
          - SQL table alias mapping - user0_
          - alias suffix - 0_
          - suffixed key columns - {id1_0_0_}

[DEBUG] 2018-02-19 21:15:14.756 [main] EntityLoader - Static select for entity com.joannesaunders.entity.User [OPTIMISTIC]: select user0_.id as id1_0_0_, user0_.firstName as firstNam2_0_0_, user0_.lastName as lastName3_0_0_, user0_.password as password4_0_0_, user0_.userName as userName5_0_0_ from user user0_ where user0_.id=?
[DEBUG] 2018-02-19 21:15:14.757 [main] QuerySpacesImpl - Adding QuerySpace : uid = <gen:0> -> org.hibernate.loader.plan.build.internal.spaces.EntityQuerySpaceImpl@288a4658]
[DEBUG] 2018-02-19 21:15:14.757 [main] MetamodelGraphWalker - Visiting attribute path : firstName
[DEBUG] 2018-02-19 21:15:14.757 [main] MetamodelGraphWalker - Visiting attribute path : lastName
[DEBUG] 2018-02-19 21:15:14.757 [main] MetamodelGraphWalker - Visiting attribute path : password
[DEBUG] 2018-02-19 21:15:14.757 [main] MetamodelGraphWalker - Visiting attribute path : userName
[DEBUG] 2018-02-19 21:15:14.757 [main] FetchStyleLoadPlanBuildingAssociationVisitationStrategy - Building LoadPlan...
[DEBUG] 2018-02-19 21:15:14.757 [main] LoadQueryJoinAndFetchProcessor - processing queryspace <gen:0>
[DEBUG] 2018-02-19 21:15:14.758 [main] LoadPlanTreePrinter - LoadPlan(entity=com.joannesaunders.entity.User)
    - Returns
       - EntityReturnImpl(entity=com.joannesaunders.entity.User, querySpaceUid=<gen:0>, path=com.joannesaunders.entity.User)
    - QuerySpaces
       - EntityQuerySpaceImpl(uid=<gen:0>, entity=com.joannesaunders.entity.User)
          - SQL table alias mapping - user0_
          - alias suffix - 0_
          - suffixed key columns - {id1_0_0_}

[DEBUG] 2018-02-19 21:15:14.758 [main] EntityLoader - Static select for entity com.joannesaunders.entity.User [OPTIMISTIC_FORCE_INCREMENT]: select user0_.id as id1_0_0_, user0_.firstName as firstNam2_0_0_, user0_.lastName as lastName3_0_0_, user0_.password as password4_0_0_, user0_.userName as userName5_0_0_ from user user0_ where user0_.id=?
[DEBUG] 2018-02-19 21:15:14.777 [main] Loader - Static select for action ACTION_MERGE on entity com.joannesaunders.entity.User: select user0_.id as id1_0_0_, user0_.firstName as firstNam2_0_0_, user0_.lastName as lastName3_0_0_, user0_.password as password4_0_0_, user0_.userName as userName5_0_0_ from user user0_ where user0_.id=?
[DEBUG] 2018-02-19 21:15:14.777 [main] Loader - Static select for action ACTION_REFRESH on entity com.joannesaunders.entity.User: select user0_.id as id1_0_0_, user0_.firstName as firstNam2_0_0_, user0_.lastName as lastName3_0_0_, user0_.password as password4_0_0_, user0_.userName as userName5_0_0_ from user user0_ where user0_.id=?
[DEBUG] 2018-02-19 21:15:14.811 [main] SchemaManagementToolCoordinator - No actions specified; doing nothing
[DEBUG] 2018-02-19 21:15:14.812 [main] JtaPlatformInitiator - No JtaPlatform was specified, checking resolver
[DEBUG] 2018-02-19 21:15:14.813 [main] JtaPlatformResolverInitiator - No JtaPlatformResolver was specified, using default [org.hibernate.engine.transaction.jta.platform.internal.StandardJtaPlatformResolver]
[DEBUG] 2018-02-19 21:15:14.818 [main] StandardJtaPlatformResolver - Could not resolve JtaPlatform, using default [org.hibernate.engine.transaction.jta.platform.internal.NoJtaPlatform]
[DEBUG] 2018-02-19 21:15:14.820 [main] NamedQueryRepository - Checking 0 named HQL queries
[DEBUG] 2018-02-19 21:15:14.820 [main] NamedQueryRepository - Checking 0 named SQL queries
[DEBUG] 2018-02-19 21:15:14.822 [main] SessionFactoryRegistry - Initializing SessionFactoryRegistry : org.hibernate.internal.SessionFactoryRegistry@7a26928a
[DEBUG] 2018-02-19 21:15:14.824 [main] SessionFactoryRegistry - Registering SessionFactory: 5ca19aa9-2650-4825-99ef-3903fa54a500 (<unnamed>)
[DEBUG] 2018-02-19 21:15:14.824 [main] SessionFactoryRegistry - Not binding SessionFactory to JNDI, no JNDI name configured
[DEBUG] 2018-02-19 21:15:14.938 [main] StatisticsInitiator - Statistics initialized [enabled=false]
[DEBUG] 2018-02-19 21:15:14.957 [main] SQL - select user0_.id as id1_0_0_, user0_.firstName as firstNam2_0_0_, user0_.lastName as lastName3_0_0_, user0_.password as password4_0_0_, user0_.userName as userName5_0_0_ from user user0_ where user0_.id=?
[DEBUG] 2018-02-19 21:15:14.990 [main] ResultSetProcessorImpl - Starting ResultSet row #0
[DEBUG] 2018-02-19 21:15:14.991 [main] EntityReferenceInitializerImpl - On call to EntityIdentifierReaderImpl#resolve, EntityKey was already known; should only happen on root returns with an optional identifier specified
[DEBUG] 2018-02-19 21:15:15.004 [main] TwoPhaseLoad - Resolving associations for [com.joannesaunders.entity.User#3]
[DEBUG] 2018-02-19 21:15:15.006 [main] TwoPhaseLoad - Done materializing entity [com.joannesaunders.entity.User#3]
[DEBUG] 2018-02-19 21:15:15.007 [main] ResourceRegistryStandardImpl - HHH000387: ResultSet's statement was not registered
[DEBUG] 2018-02-19 21:15:15.007 [main] AbstractLoadPlanBasedEntityLoader - Done entity load : com.joannesaunders.entity.User#3
[DEBUG] 2018-02-19 21:15:15.007 [main] LogicalConnectionManagedImpl - Initiating JDBC connection release from afterTransaction
[DEBUG] 2018-02-19 21:15:15.012 [main] TransactionImpl - begin
[DEBUG] 2018-02-19 21:15:15.021 [main] TransactionImpl - committing
[DEBUG] 2018-02-19 21:15:15.021 [main] AbstractFlushingEventListener - Processing flush-time cascades
[DEBUG] 2018-02-19 21:15:15.021 [main] AbstractFlushingEventListener - Dirty checking collections
[DEBUG] 2018-02-19 21:15:15.023 [main] AbstractFlushingEventListener - Flushed: 0 insertions, 0 updates, 1 deletions to 1 objects
[DEBUG] 2018-02-19 21:15:15.023 [main] AbstractFlushingEventListener - Flushed: 0 (re)creations, 0 updates, 0 removals to 0 collections
[DEBUG] 2018-02-19 21:15:15.024 [main] EntityPrinter - Listing entities:
[DEBUG] 2018-02-19 21:15:15.025 [main] EntityPrinter - com.joannesaunders.entity.User{firstName=Jill, lastName=Hanson, password=secret123$, id=3, userName=jill.hanson@nothing.com}
[DEBUG] 2018-02-19 21:15:15.031 [main] SQL - delete from user where id=?
[DEBUG] 2018-02-19 21:15:15.036 [main] LogicalConnectionManagedImpl - Initiating JDBC connection release from afterTransaction
[DEBUG] 2018-02-19 21:15:15.037 [main] LogicalConnectionManagedImpl - Initiating JDBC connection release from afterTransaction
[DEBUG] 2018-02-19 21:15:15.037 [main] JdbcCoordinatorImpl - HHH000420: Closing un-released batch
[DEBUG] 2018-02-19 21:15:15.038 [main] SQL - select user0_.id as id1_0_0_, user0_.firstName as firstNam2_0_0_, user0_.lastName as lastName3_0_0_, user0_.password as password4_0_0_, user0_.userName as userName5_0_0_ from user user0_ where user0_.id=?
[DEBUG] 2018-02-19 21:15:15.039 [main] ResourceRegistryStandardImpl - HHH000387: ResultSet's statement was not registered
[DEBUG] 2018-02-19 21:15:15.039 [main] AbstractLoadPlanBasedEntityLoader - Done entity load : com.joannesaunders.entity.User#3
[DEBUG] 2018-02-19 21:15:15.039 [main] LogicalConnectionManagedImpl - Initiating JDBC connection release from afterTransaction
[DEBUG] 2018-02-19 21:15:15.085 [main] CriteriaQueryImpl - Rendered criteria query -> select generatedAlias0 from User as generatedAlias0 where generatedAlias0.lastName like :param0
[DEBUG] 2018-02-19 21:15:15.106 [main] QueryTranslatorFactoryInitiator - QueryTranslatorFactory : org.hibernate.hql.internal.ast.ASTQueryTranslatorFactory@27fde870
[INFO ] 2018-02-19 21:15:15.106 [main] QueryTranslatorFactoryInitiator - HHH000397: Using ASTQueryTranslatorFactory
[DEBUG] 2018-02-19 21:15:15.180 [main] QueryTranslatorImpl - parse() - HQL: select generatedAlias0 from com.joannesaunders.entity.User as generatedAlias0 where generatedAlias0.lastName like :param0
[DEBUG] 2018-02-19 21:15:15.192 [main] ErrorCounter - throwQueryException() : no errors
[DEBUG] 2018-02-19 21:15:15.196 [main] QueryTranslatorImpl - --- HQL AST ---
 \-[QUERY] Node: 'query'
    +-[SELECT_FROM] Node: 'SELECT_FROM'
    |  +-[FROM] Node: 'from'
    |  |  \-[RANGE] Node: 'RANGE'
    |  |     +-[DOT] Node: '.'
    |  |     |  +-[DOT] Node: '.'
    |  |     |  |  +-[DOT] Node: '.'
    |  |     |  |  |  +-[IDENT] Node: 'com'
    |  |     |  |  |  \-[IDENT] Node: 'joannesaunders'
    |  |     |  |  \-[IDENT] Node: 'entity'
    |  |     |  \-[IDENT] Node: 'User'
    |  |     \-[ALIAS] Node: 'generatedAlias0'
    |  \-[SELECT] Node: 'select'
    |     \-[IDENT] Node: 'generatedAlias0'
    \-[WHERE] Node: 'where'
       \-[LIKE] Node: 'like'
          +-[DOT] Node: '.'
          |  +-[IDENT] Node: 'generatedAlias0'
          |  \-[IDENT] Node: 'lastName'
          \-[COLON] Node: ':'
             \-[IDENT] Node: 'param0'

[DEBUG] 2018-02-19 21:15:15.234 [main] HqlSqlBaseWalker - select << begin [level=1, statement=select]
[DEBUG] 2018-02-19 21:15:15.251 [main] FromElement - FromClause{level=1} : com.joannesaunders.entity.User (generatedAlias0) -> user0_
[DEBUG] 2018-02-19 21:15:15.252 [main] FromReferenceNode - Resolved : generatedAlias0 -> user0_.id
[DEBUG] 2018-02-19 21:15:15.257 [main] FromReferenceNode - Resolved : generatedAlias0 -> user0_.id
[DEBUG] 2018-02-19 21:15:15.258 [main] DotNode - getDataType() : lastName -> org.hibernate.type.StringType@7ef27d7f
[DEBUG] 2018-02-19 21:15:15.260 [main] FromReferenceNode - Resolved : generatedAlias0.lastName -> user0_.lastName
[DEBUG] 2018-02-19 21:15:15.268 [main] HqlSqlBaseWalker - select : finishing up [level=1, statement=select]
[DEBUG] 2018-02-19 21:15:15.269 [main] HqlSqlWalker - processQuery() :  ( SELECT ( {select clause} user0_.id ) ( FromClause{level=1} user user0_ ) ( where ( like ( user0_.lastName user0_.id lastName ) ? ) ) )
[DEBUG] 2018-02-19 21:15:15.281 [main] JoinProcessor - Using FROM fragment [user user0_]
[DEBUG] 2018-02-19 21:15:15.281 [main] HqlSqlBaseWalker - select >> end [level=1, statement=select]
[DEBUG] 2018-02-19 21:15:15.282 [main] QueryTranslatorImpl - --- SQL AST ---
 \-[SELECT] QueryNode: 'SELECT'  querySpaces (user)
    +-[SELECT_CLAUSE] SelectClause: '{select clause}'
    |  +-[ALIAS_REF] IdentNode: 'user0_.id as id1_0_' {alias=generatedAlias0, className=com.joannesaunders.entity.User, tableAlias=user0_}
    |  \-[SQL_TOKEN] SqlFragment: 'user0_.firstName as firstNam2_0_, user0_.lastName as lastName3_0_, user0_.password as password4_0_, user0_.userName as userName5_0_'
    +-[FROM] FromClause: 'from' FromClause{level=1, fromElementCounter=1, fromElements=1, fromElementByClassAlias=[generatedAlias0], fromElementByTableAlias=[user0_], fromElementsByPath=[], collectionJoinFromElementsByPath=[], impliedElements=[]}
    |  \-[FROM_FRAGMENT] FromElement: 'user user0_' FromElement{explicit,not a collection join,not a fetch join,fetch non-lazy properties,classAlias=generatedAlias0,role=null,tableName=user,tableAlias=user0_,origin=null,columns={,className=com.joannesaunders.entity.User}}
    \-[WHERE] SqlNode: 'where'
       \-[LIKE] BinaryLogicOperatorNode: 'like'
          +-[DOT] DotNode: 'user0_.lastName' {propertyName=lastName,dereferenceType=PRIMITIVE,getPropertyPath=lastName,path=generatedAlias0.lastName,tableAlias=user0_,className=com.joannesaunders.entity.User,classAlias=generatedAlias0}
          |  +-[ALIAS_REF] IdentNode: 'user0_.id' {alias=generatedAlias0, className=com.joannesaunders.entity.User, tableAlias=user0_}
          |  \-[IDENT] IdentNode: 'lastName' {originalText=lastName}
          \-[NAMED_PARAM] ParameterNode: '?' {name=param0, expectedType=org.hibernate.type.StringType@7ef27d7f}

[DEBUG] 2018-02-19 21:15:15.282 [main] ErrorCounter - throwQueryException() : no errors
[DEBUG] 2018-02-19 21:15:15.290 [main] QueryTranslatorImpl - HQL: select generatedAlias0 from com.joannesaunders.entity.User as generatedAlias0 where generatedAlias0.lastName like :param0
[DEBUG] 2018-02-19 21:15:15.291 [main] QueryTranslatorImpl - SQL: select user0_.id as id1_0_, user0_.firstName as firstNam2_0_, user0_.lastName as lastName3_0_, user0_.password as password4_0_, user0_.userName as userName5_0_ from user user0_ where user0_.lastName like ?
[DEBUG] 2018-02-19 21:15:15.291 [main] ErrorCounter - throwQueryException() : no errors
[DEBUG] 2018-02-19 21:15:15.318 [main] SQL - select user0_.id as id1_0_, user0_.firstName as firstNam2_0_, user0_.lastName as lastName3_0_, user0_.password as password4_0_, user0_.userName as userName5_0_ from user user0_ where user0_.lastName like ?
[DEBUG] 2018-02-19 21:15:15.321 [main] Loader - Result set row: 0
[DEBUG] 2018-02-19 21:15:15.323 [main] Loader - Result row: EntityKey[com.joannesaunders.entity.User#5]
[DEBUG] 2018-02-19 21:15:15.325 [main] Loader - Result set row: 1
[DEBUG] 2018-02-19 21:15:15.325 [main] Loader - Result row: EntityKey[com.joannesaunders.entity.User#6]
[DEBUG] 2018-02-19 21:15:15.326 [main] TwoPhaseLoad - Resolving associations for [com.joannesaunders.entity.User#5]
[DEBUG] 2018-02-19 21:15:15.326 [main] TwoPhaseLoad - Done materializing entity [com.joannesaunders.entity.User#5]
[DEBUG] 2018-02-19 21:15:15.326 [main] TwoPhaseLoad - Resolving associations for [com.joannesaunders.entity.User#6]
[DEBUG] 2018-02-19 21:15:15.326 [main] TwoPhaseLoad - Done materializing entity [com.joannesaunders.entity.User#6]
[DEBUG] 2018-02-19 21:15:15.330 [main] LogicalConnectionManagedImpl - Initiating JDBC connection release from afterTransaction
[DEBUG] 2018-02-19 21:15:15.351 [main] CriteriaQueryImpl - Rendered criteria query -> select generatedAlias0 from User as generatedAlias0 where generatedAlias0.lastName like :param0
[DEBUG] 2018-02-19 21:15:15.352 [main] SQL - select user0_.id as id1_0_, user0_.firstName as firstNam2_0_, user0_.lastName as lastName3_0_, user0_.password as password4_0_, user0_.userName as userName5_0_ from user user0_ where user0_.lastName like ?
[DEBUG] 2018-02-19 21:15:15.353 [main] Loader - Result set row: 0
[DEBUG] 2018-02-19 21:15:15.353 [main] Loader - Result row: EntityKey[com.joannesaunders.entity.User#3]
[DEBUG] 2018-02-19 21:15:15.353 [main] TwoPhaseLoad - Resolving associations for [com.joannesaunders.entity.User#3]
[DEBUG] 2018-02-19 21:15:15.353 [main] TwoPhaseLoad - Done materializing entity [com.joannesaunders.entity.User#3]
[DEBUG] 2018-02-19 21:15:15.354 [main] LogicalConnectionManagedImpl - Initiating JDBC connection release from afterTransaction
[DEBUG] 2018-02-19 21:15:15.366 [main] CriteriaQueryImpl - Rendered criteria query -> select generatedAlias0 from User as generatedAlias0 where generatedAlias0.lastName like :param0
[DEBUG] 2018-02-19 21:15:15.366 [main] SQL - select user0_.id as id1_0_, user0_.firstName as firstNam2_0_, user0_.lastName as lastName3_0_, user0_.password as password4_0_, user0_.userName as userName5_0_ from user user0_ where user0_.lastName like ?
[DEBUG] 2018-02-19 21:15:15.367 [main] Loader - Result set row: 0
[DEBUG] 2018-02-19 21:15:15.367 [main] Loader - Result row: EntityKey[com.joannesaunders.entity.User#4]
[DEBUG] 2018-02-19 21:15:15.368 [main] Loader - Result set row: 1
[DEBUG] 2018-02-19 21:15:15.368 [main] Loader - Result row: EntityKey[com.joannesaunders.entity.User#6]
[DEBUG] 2018-02-19 21:15:15.368 [main] TwoPhaseLoad - Resolving associations for [com.joannesaunders.entity.User#4]
[DEBUG] 2018-02-19 21:15:15.368 [main] TwoPhaseLoad - Done materializing entity [com.joannesaunders.entity.User#4]
[DEBUG] 2018-02-19 21:15:15.368 [main] TwoPhaseLoad - Resolving associations for [com.joannesaunders.entity.User#6]
[DEBUG] 2018-02-19 21:15:15.368 [main] TwoPhaseLoad - Done materializing entity [com.joannesaunders.entity.User#6]
[DEBUG] 2018-02-19 21:15:15.368 [main] LogicalConnectionManagedImpl - Initiating JDBC connection release from afterTransaction
[DEBUG] 2018-02-19 21:15:15.379 [main] SQL - select user0_.id as id1_0_0_, user0_.firstName as firstNam2_0_0_, user0_.lastName as lastName3_0_0_, user0_.password as password4_0_0_, user0_.userName as userName5_0_0_ from user user0_ where user0_.id=?
[DEBUG] 2018-02-19 21:15:15.380 [main] ResultSetProcessorImpl - Starting ResultSet row #0
[DEBUG] 2018-02-19 21:15:15.381 [main] EntityReferenceInitializerImpl - On call to EntityIdentifierReaderImpl#resolve, EntityKey was already known; should only happen on root returns with an optional identifier specified
[DEBUG] 2018-02-19 21:15:15.381 [main] TwoPhaseLoad - Resolving associations for [com.joannesaunders.entity.User#1]
[DEBUG] 2018-02-19 21:15:15.382 [main] TwoPhaseLoad - Done materializing entity [com.joannesaunders.entity.User#1]
[DEBUG] 2018-02-19 21:15:15.382 [main] ResourceRegistryStandardImpl - HHH000387: ResultSet's statement was not registered
[DEBUG] 2018-02-19 21:15:15.382 [main] AbstractLoadPlanBasedEntityLoader - Done entity load : com.joannesaunders.entity.User#1
[DEBUG] 2018-02-19 21:15:15.382 [main] LogicalConnectionManagedImpl - Initiating JDBC connection release from afterTransaction
[DEBUG] 2018-02-19 21:15:15.399 [main] CriteriaQueryImpl - Rendered criteria query -> select generatedAlias0 from User as generatedAlias0
[DEBUG] 2018-02-19 21:15:15.399 [main] QueryTranslatorImpl - parse() - HQL: select generatedAlias0 from com.joannesaunders.entity.User as generatedAlias0
[DEBUG] 2018-02-19 21:15:15.400 [main] ErrorCounter - throwQueryException() : no errors
[DEBUG] 2018-02-19 21:15:15.401 [main] QueryTranslatorImpl - --- HQL AST ---
 \-[QUERY] Node: 'query'
    \-[SELECT_FROM] Node: 'SELECT_FROM'
       +-[FROM] Node: 'from'
       |  \-[RANGE] Node: 'RANGE'
       |     +-[DOT] Node: '.'
       |     |  +-[DOT] Node: '.'
       |     |  |  +-[DOT] Node: '.'
       |     |  |  |  +-[IDENT] Node: 'com'
       |     |  |  |  \-[IDENT] Node: 'joannesaunders'
       |     |  |  \-[IDENT] Node: 'entity'
       |     |  \-[IDENT] Node: 'User'
       |     \-[ALIAS] Node: 'generatedAlias0'
       \-[SELECT] Node: 'select'
          \-[IDENT] Node: 'generatedAlias0'

[DEBUG] 2018-02-19 21:15:15.401 [main] HqlSqlBaseWalker - select << begin [level=1, statement=select]
[DEBUG] 2018-02-19 21:15:15.401 [main] FromElement - FromClause{level=1} : com.joannesaunders.entity.User (generatedAlias0) -> user0_
[DEBUG] 2018-02-19 21:15:15.401 [main] FromReferenceNode - Resolved : generatedAlias0 -> user0_.id
[DEBUG] 2018-02-19 21:15:15.401 [main] HqlSqlBaseWalker - select : finishing up [level=1, statement=select]
[DEBUG] 2018-02-19 21:15:15.401 [main] HqlSqlWalker - processQuery() :  ( SELECT ( {select clause} user0_.id ) ( FromClause{level=1} user user0_ ) )
[DEBUG] 2018-02-19 21:15:15.402 [main] JoinProcessor - Using FROM fragment [user user0_]
[DEBUG] 2018-02-19 21:15:15.402 [main] HqlSqlBaseWalker - select >> end [level=1, statement=select]
[DEBUG] 2018-02-19 21:15:15.402 [main] QueryTranslatorImpl - --- SQL AST ---
 \-[SELECT] QueryNode: 'SELECT'  querySpaces (user)
    +-[SELECT_CLAUSE] SelectClause: '{select clause}'
    |  +-[ALIAS_REF] IdentNode: 'user0_.id as id1_0_' {alias=generatedAlias0, className=com.joannesaunders.entity.User, tableAlias=user0_}
    |  \-[SQL_TOKEN] SqlFragment: 'user0_.firstName as firstNam2_0_, user0_.lastName as lastName3_0_, user0_.password as password4_0_, user0_.userName as userName5_0_'
    \-[FROM] FromClause: 'from' FromClause{level=1, fromElementCounter=1, fromElements=1, fromElementByClassAlias=[generatedAlias0], fromElementByTableAlias=[user0_], fromElementsByPath=[], collectionJoinFromElementsByPath=[], impliedElements=[]}
       \-[FROM_FRAGMENT] FromElement: 'user user0_' FromElement{explicit,not a collection join,not a fetch join,fetch non-lazy properties,classAlias=generatedAlias0,role=null,tableName=user,tableAlias=user0_,origin=null,columns={,className=com.joannesaunders.entity.User}}

[DEBUG] 2018-02-19 21:15:15.402 [main] ErrorCounter - throwQueryException() : no errors
[DEBUG] 2018-02-19 21:15:15.403 [main] QueryTranslatorImpl - HQL: select generatedAlias0 from com.joannesaunders.entity.User as generatedAlias0
[DEBUG] 2018-02-19 21:15:15.403 [main] QueryTranslatorImpl - SQL: select user0_.id as id1_0_, user0_.firstName as firstNam2_0_, user0_.lastName as lastName3_0_, user0_.password as password4_0_, user0_.userName as userName5_0_ from user user0_
[DEBUG] 2018-02-19 21:15:15.403 [main] ErrorCounter - throwQueryException() : no errors
[DEBUG] 2018-02-19 21:15:15.403 [main] SQL - select user0_.id as id1_0_, user0_.firstName as firstNam2_0_, user0_.lastName as lastName3_0_, user0_.password as password4_0_, user0_.userName as userName5_0_ from user user0_
[DEBUG] 2018-02-19 21:15:15.405 [main] Loader - Result set row: 0
[DEBUG] 2018-02-19 21:15:15.406 [main] Loader - Result row: EntityKey[com.joannesaunders.entity.User#1]
[DEBUG] 2018-02-19 21:15:15.406 [main] Loader - Result set row: 1
[DEBUG] 2018-02-19 21:15:15.406 [main] Loader - Result row: EntityKey[com.joannesaunders.entity.User#2]
[DEBUG] 2018-02-19 21:15:15.406 [main] Loader - Result set row: 2
[DEBUG] 2018-02-19 21:15:15.406 [main] Loader - Result row: EntityKey[com.joannesaunders.entity.User#3]
[DEBUG] 2018-02-19 21:15:15.406 [main] Loader - Result set row: 3
[DEBUG] 2018-02-19 21:15:15.406 [main] Loader - Result row: EntityKey[com.joannesaunders.entity.User#4]
[DEBUG] 2018-02-19 21:15:15.407 [main] Loader - Result set row: 4
[DEBUG] 2018-02-19 21:15:15.407 [main] Loader - Result row: EntityKey[com.joannesaunders.entity.User#5]
[DEBUG] 2018-02-19 21:15:15.407 [main] Loader - Result set row: 5
[DEBUG] 2018-02-19 21:15:15.407 [main] Loader - Result row: EntityKey[com.joannesaunders.entity.User#6]
[DEBUG] 2018-02-19 21:15:15.407 [main] TwoPhaseLoad - Resolving associations for [com.joannesaunders.entity.User#1]
[DEBUG] 2018-02-19 21:15:15.407 [main] TwoPhaseLoad - Done materializing entity [com.joannesaunders.entity.User#1]
[DEBUG] 2018-02-19 21:15:15.407 [main] TwoPhaseLoad - Resolving associations for [com.joannesaunders.entity.User#2]
[DEBUG] 2018-02-19 21:15:15.407 [main] TwoPhaseLoad - Done materializing entity [com.joannesaunders.entity.User#2]
[DEBUG] 2018-02-19 21:15:15.407 [main] TwoPhaseLoad - Resolving associations for [com.joannesaunders.entity.User#3]
[DEBUG] 2018-02-19 21:15:15.407 [main] TwoPhaseLoad - Done materializing entity [com.joannesaunders.entity.User#3]
[DEBUG] 2018-02-19 21:15:15.407 [main] TwoPhaseLoad - Resolving associations for [com.joannesaunders.entity.User#4]
[DEBUG] 2018-02-19 21:15:15.408 [main] TwoPhaseLoad - Done materializing entity [com.joannesaunders.entity.User#4]
[DEBUG] 2018-02-19 21:15:15.408 [main] TwoPhaseLoad - Resolving associations for [com.joannesaunders.entity.User#5]
[DEBUG] 2018-02-19 21:15:15.408 [main] TwoPhaseLoad - Done materializing entity [com.joannesaunders.entity.User#5]
[DEBUG] 2018-02-19 21:15:15.408 [main] TwoPhaseLoad - Resolving associations for [com.joannesaunders.entity.User#6]
[DEBUG] 2018-02-19 21:15:15.408 [main] TwoPhaseLoad - Done materializing entity [com.joannesaunders.entity.User#6]
[DEBUG] 2018-02-19 21:15:15.408 [main] LogicalConnectionManagedImpl - Initiating JDBC connection release from afterTransaction
[DEBUG] 2018-02-19 21:15:15.420 [main] TransactionImpl - begin
[DEBUG] 2018-02-19 21:15:15.424 [main] ActionQueue - Executing identity-insert immediately
[DEBUG] 2018-02-19 21:15:15.425 [main] SQL - insert into user (firstName, lastName, password, userName) values (?, ?, ?, ?)
[DEBUG] 2018-02-19 21:15:15.428 [main] IdentifierGeneratorHelper - Natively generated identity: 10
[DEBUG] 2018-02-19 21:15:15.428 [main] ResourceRegistryStandardImpl - HHH000387: ResultSet's statement was not registered
[DEBUG] 2018-02-19 21:15:15.429 [main] TransactionImpl - committing
[DEBUG] 2018-02-19 21:15:15.429 [main] AbstractFlushingEventListener - Processing flush-time cascades
[DEBUG] 2018-02-19 21:15:15.429 [main] AbstractFlushingEventListener - Dirty checking collections
[DEBUG] 2018-02-19 21:15:15.430 [main] AbstractFlushingEventListener - Flushed: 0 insertions, 0 updates, 0 deletions to 1 objects
[DEBUG] 2018-02-19 21:15:15.430 [main] AbstractFlushingEventListener - Flushed: 0 (re)creations, 0 updates, 0 removals to 0 collections
[DEBUG] 2018-02-19 21:15:15.430 [main] EntityPrinter - Listing entities:
[DEBUG] 2018-02-19 21:15:15.430 [main] EntityPrinter - com.joannesaunders.entity.User{firstName=Fred, lastName=Flintstone, password=secret123$, id=10, userName=fflintstone}
[DEBUG] 2018-02-19 21:15:15.431 [main] LogicalConnectionManagedImpl - Initiating JDBC connection release from afterTransaction
[DEBUG] 2018-02-19 21:15:15.431 [main] LogicalConnectionManagedImpl - Initiating JDBC connection release from afterTransaction
[DEBUG] 2018-02-19 21:15:15.434 [main] SQL - select user0_.id as id1_0_0_, user0_.firstName as firstNam2_0_0_, user0_.lastName as lastName3_0_0_, user0_.password as password4_0_0_, user0_.userName as userName5_0_0_ from user user0_ where user0_.id=?
[DEBUG] 2018-02-19 21:15:15.436 [main] ResultSetProcessorImpl - Starting ResultSet row #0
[DEBUG] 2018-02-19 21:15:15.436 [main] EntityReferenceInitializerImpl - On call to EntityIdentifierReaderImpl#resolve, EntityKey was already known; should only happen on root returns with an optional identifier specified
[DEBUG] 2018-02-19 21:15:15.436 [main] TwoPhaseLoad - Resolving associations for [com.joannesaunders.entity.User#10]
[DEBUG] 2018-02-19 21:15:15.436 [main] TwoPhaseLoad - Done materializing entity [com.joannesaunders.entity.User#10]
[DEBUG] 2018-02-19 21:15:15.437 [main] ResourceRegistryStandardImpl - HHH000387: ResultSet's statement was not registered
[DEBUG] 2018-02-19 21:15:15.437 [main] AbstractLoadPlanBasedEntityLoader - Done entity load : com.joannesaunders.entity.User#10
[DEBUG] 2018-02-19 21:15:15.437 [main] LogicalConnectionManagedImpl - Initiating JDBC connection release from afterTransaction
